[preparing data] now at #0
[preparing data] now at #200
[preparing data] now at #400
[preparing data] now at #600
[preparing data] now at #800
[preparing data] now at #1000
[preparing data] now at #1200
[preparing data] now at #1400
[preparing data] now at #0
[info] # training samples: 1572
[info] model # params: 79414349
[epoch 001] training ...
[epoch 001] # batches = 143
 -- epoch 001 | batch 000: len: tensor([728, 681, 652, 919, 778, 834, 708, 875, 677, 729, 574])
	 * loss = (RC: 5.8398 | KL: 0.2500 | KL_raw: 0.03839850), step = 1, beta: 0.0000 time_elapsed = 2.45 secs
 -- epoch 001 | batch 001: len: tensor([ 520, 1084,  963,  988, 1280,  596,  491,  481,  827,  736,  989])
	 * loss = (RC: 5.8388 | KL: 0.2500 | KL_raw: 0.03825556), step = 2, beta: 0.0000 time_elapsed = 3.36 secs
 -- epoch 001 | batch 002: len: tensor([1035, 1280,  625,  491,  603,  831,  875,  644, 1222, 1280,  546])
	 * loss = (RC: 5.8379 | KL: 0.2500 | KL_raw: 0.03832433), step = 3, beta: 0.0000 time_elapsed = 4.23 secs
 -- epoch 001 | batch 003: len: tensor([ 592,  835,  559,  748,  914,  820,  632,  524,  693, 1067,  539])
	 * loss = (RC: 5.8329 | KL: 0.2500 | KL_raw: 0.03841826), step = 4, beta: 0.0000 time_elapsed = 5.08 secs
 -- epoch 001 | batch 004: len: tensor([ 534,  688,  818,  574, 1120,  602,  401,  458, 1070, 1029,  635])
	 * loss = (RC: 5.8264 | KL: 0.2500 | KL_raw: 0.03854569), step = 5, beta: 0.0000 time_elapsed = 5.99 secs
 -- epoch 001 | batch 005: len: tensor([ 769,  358, 1181, 1072,  517, 1105,  546,  560,  729,  884,  784])
	 * loss = (RC: 5.8224 | KL: 0.2500 | KL_raw: 0.03879401), step = 6, beta: 0.0000 time_elapsed = 6.84 secs
 -- epoch 001 | batch 006: len: tensor([1280,  407, 1280, 1280, 1280,  493,  691,  806,  647,  552,  618])
	 * loss = (RC: 5.8085 | KL: 0.2500 | KL_raw: 0.03920462), step = 7, beta: 0.0000 time_elapsed = 7.71 secs
 -- epoch 001 | batch 007: len: tensor([ 879,  940, 1102,  456,  766,  792, 1085, 1280, 1280,  659,  699])
	 * loss = (RC: 5.8084 | KL: 0.2500 | KL_raw: 0.03987808), step = 8, beta: 0.0000 time_elapsed = 8.56 secs
 -- epoch 001 | batch 008: len: tensor([ 682, 1280,  715,  838,  400,  900,  431,  466,  846, 1280,  941])
	 * loss = (RC: 5.7871 | KL: 0.2500 | KL_raw: 0.04080190), step = 9, beta: 0.0000 time_elapsed = 9.48 secs
 -- epoch 001 | batch 009: len: tensor([ 747,  894,  478,  377,  570,  718, 1280,  819,  831, 1280,  982])
	 * loss = (RC: 5.7799 | KL: 0.2500 | KL_raw: 0.04178252), step = 10, beta: 0.0000 time_elapsed = 10.37 secs
 -- epoch 001 | batch 010: len: tensor([1280, 1091,  824,  662,  465, 1140,  879,  605,  721,  506, 1221])
	 * loss = (RC: 5.7760 | KL: 0.2500 | KL_raw: 0.04349662), step = 11, beta: 0.0000 time_elapsed = 11.25 secs
 -- epoch 001 | batch 011: len: tensor([ 582,  545,  439,  983, 1280,  398,  740, 1089,  467,  795,  540])
	 * loss = (RC: 5.7592 | KL: 0.2500 | KL_raw: 0.04567014), step = 12, beta: 0.0000 time_elapsed = 12.10 secs
 -- epoch 001 | batch 012: len: tensor([ 744,  989,  827,  500,  806,  694,  536,  884,  523,  610, 1280])
	 * loss = (RC: 5.7330 | KL: 0.2500 | KL_raw: 0.04814593), step = 13, beta: 0.0000 time_elapsed = 12.96 secs
 -- epoch 001 | batch 013: len: tensor([964, 908, 595, 574, 508, 485, 752, 622, 753, 770, 861])
	 * loss = (RC: 5.7407 | KL: 0.2503 | KL_raw: 0.05099772), step = 14, beta: 0.0000 time_elapsed = 13.82 secs
 -- epoch 001 | batch 014: len: tensor([ 822,  437, 1280, 1280,  664,  428,  458,  461,  651,  928,  935])
	 * loss = (RC: 5.7205 | KL: 0.2509 | KL_raw: 0.05454169), step = 15, beta: 0.0000 time_elapsed = 14.69 secs
 -- epoch 001 | batch 015: len: tensor([ 737,  577,  734,  549,  483,  762, 1158,  520, 1209,  868, 1130])
	 * loss = (RC: 5.7043 | KL: 0.2517 | KL_raw: 0.05866890), step = 16, beta: 0.0000 time_elapsed = 15.54 secs
 -- epoch 001 | batch 016: len: tensor([ 528,  675,  845, 1059,  855,  424,  892,  811, 1280,  711,  525])
	 * loss = (RC: 5.6907 | KL: 0.2528 | KL_raw: 0.06343557), step = 17, beta: 0.0000 time_elapsed = 16.40 secs
 -- epoch 001 | batch 017: len: tensor([1280,  723,  791, 1280, 1272, 1018,  463, 1280,  593, 1032, 1280])
	 * loss = (RC: 5.6620 | KL: 0.2539 | KL_raw: 0.06807461), step = 18, beta: 0.0000 time_elapsed = 17.26 secs
 -- epoch 001 | batch 018: len: tensor([ 473,  642,  970,  529,  878, 1071,  554, 1087, 1280,  420,  463])
	 * loss = (RC: 5.6525 | KL: 0.2555 | KL_raw: 0.07390239), step = 19, beta: 0.0000 time_elapsed = 18.12 secs
 -- epoch 001 | batch 019: len: tensor([ 925, 1145, 1097,  952,  475, 1280,  864,  694,  845,  738,  737])
	 * loss = (RC: 5.6199 | KL: 0.2571 | KL_raw: 0.07993094), step = 20, beta: 0.0000 time_elapsed = 19.02 secs
 -- epoch 001 | batch 020: len: tensor([ 720, 1280,  643,  612,  718,  557,  521, 1280,  485,  701,  797])
	 * loss = (RC: 5.6112 | KL: 0.2589 | KL_raw: 0.08624804), step = 21, beta: 0.0000 time_elapsed = 19.88 secs
 -- epoch 001 | batch 021: len: tensor([1280,  903,  614, 1085,  365,  518,  909, 1280,  767,  783, 1280])
	 * loss = (RC: 5.5950 | KL: 0.2603 | KL_raw: 0.09199177), step = 22, beta: 0.0000 time_elapsed = 20.74 secs
 -- epoch 001 | batch 022: len: tensor([ 909,  947,  993,  583,  862, 1280,  745,  714,  447,  902,  495])
	 * loss = (RC: 5.5828 | KL: 0.2629 | KL_raw: 0.09887241), step = 23, beta: 0.0000 time_elapsed = 21.60 secs
 -- epoch 001 | batch 023: len: tensor([ 871,  645,  662,  918,  848,  556, 1041,  588,  836,  591,  728])
	 * loss = (RC: 5.5694 | KL: 0.2654 | KL_raw: 0.10505646), step = 24, beta: 0.0000 time_elapsed = 22.46 secs
 -- epoch 001 | batch 024: len: tensor([ 885,  767,  487,  840,  702, 1225,  881,  781, 1157, 1280,  929])
	 * loss = (RC: 5.5471 | KL: 0.2673 | KL_raw: 0.11066908), step = 25, beta: 0.0000 time_elapsed = 23.33 secs
 -- epoch 001 | batch 025: len: tensor([1280, 1015,  831, 1043, 1273, 1097, 1026,  887,  859, 1280,  477])
	 * loss = (RC: 5.5150 | KL: 0.2697 | KL_raw: 0.11661899), step = 26, beta: 0.0000 time_elapsed = 24.19 secs
 -- epoch 001 | batch 026: len: tensor([ 968, 1187,  635,  904, 1197,  615, 1045,  879, 1280,  566,  549])
	 * loss = (RC: 5.4971 | KL: 0.2720 | KL_raw: 0.12241889), step = 27, beta: 0.0000 time_elapsed = 25.05 secs
 -- epoch 001 | batch 027: len: tensor([ 508, 1220,  869, 1124, 1053, 1280,  679,  858,  749,  650,  551])
	 * loss = (RC: 5.4813 | KL: 0.2743 | KL_raw: 0.12730381), step = 28, beta: 0.0000 time_elapsed = 25.91 secs
 -- epoch 001 | batch 028: len: tensor([ 563,  473, 1011, 1091,  475,  626,  687,  571, 1125,  988,  598])
	 * loss = (RC: 5.4514 | KL: 0.2769 | KL_raw: 0.13258326), step = 29, beta: 0.0000 time_elapsed = 26.76 secs
 -- epoch 001 | batch 029: len: tensor([ 657,  988,  593, 1076,  478,  480,  519,  810,  580, 1053, 1023])
	 * loss = (RC: 5.4644 | KL: 0.2788 | KL_raw: 0.13696566), step = 30, beta: 0.0000 time_elapsed = 27.62 secs
 -- epoch 001 | batch 030: len: tensor([ 568,  622,  553,  874,  573, 1280,  775,  925, 1280, 1118,  924])
	 * loss = (RC: 5.4061 | KL: 0.2804 | KL_raw: 0.14067915), step = 31, beta: 0.0000 time_elapsed = 28.49 secs
 -- epoch 001 | batch 031: len: tensor([1280, 1034,  518,  650,  899, 1280,  672, 1074,  982,  912,  856])
	 * loss = (RC: 5.4026 | KL: 0.2819 | KL_raw: 0.14437394), step = 32, beta: 0.0000 time_elapsed = 29.35 secs
 -- epoch 001 | batch 032: len: tensor([ 438,  782,  742,  772,  769, 1280,  411,  357,  529,  633,  544])
	 * loss = (RC: 5.3975 | KL: 0.2835 | KL_raw: 0.14811742), step = 33, beta: 0.0000 time_elapsed = 30.21 secs
 -- epoch 001 | batch 033: len: tensor([ 780, 1067,  837, 1160,  716, 1280,  703,  941,  688,  854, 1162])
	 * loss = (RC: 5.3493 | KL: 0.2843 | KL_raw: 0.15093599), step = 34, beta: 0.0000 time_elapsed = 31.07 secs
 -- epoch 001 | batch 034: len: tensor([ 695, 1280,  783,  562,  610,  555,  572,  470, 1280,  997,  662])
	 * loss = (RC: 5.3311 | KL: 0.2855 | KL_raw: 0.15396702), step = 35, beta: 0.0000 time_elapsed = 31.93 secs
 -- epoch 001 | batch 035: len: tensor([ 544,  809,  526, 1048,  909,  930,  931,  743,  780,  598, 1280])
	 * loss = (RC: 5.3467 | KL: 0.2864 | KL_raw: 0.15670776), step = 36, beta: 0.0000 time_elapsed = 32.79 secs
 -- epoch 001 | batch 036: len: tensor([ 479, 1181, 1280, 1030,  803,  822,  732, 1280,  656,  605,  670])
	 * loss = (RC: 5.3387 | KL: 0.2873 | KL_raw: 0.15927586), step = 37, beta: 0.0000 time_elapsed = 33.65 secs
 -- epoch 001 | batch 037: len: tensor([ 611,  863,  780,  494,  387,  910,  766, 1280,  505,  653,  789])
	 * loss = (RC: 5.3484 | KL: 0.2880 | KL_raw: 0.16150579), step = 38, beta: 0.0000 time_elapsed = 34.50 secs
 -- epoch 001 | batch 038: len: tensor([ 651,  927,  792,  632,  940, 1095, 1280, 1120,  834, 1280,  975])
	 * loss = (RC: 5.2978 | KL: 0.2888 | KL_raw: 0.16391456), step = 39, beta: 0.0000 time_elapsed = 35.36 secs
 -- epoch 001 | batch 039: len: tensor([ 541, 1280,  846,  694, 1241,  394,  529,  544,  464, 1280,  468])
	 * loss = (RC: 5.2709 | KL: 0.2898 | KL_raw: 0.16635554), step = 40, beta: 0.0000 time_elapsed = 36.22 secs
 -- epoch 001 | batch 040: len: tensor([ 537, 1280,  541,  922,  620,  561,  754, 1280,  695,  735,  371])
	 * loss = (RC: 5.2639 | KL: 0.2905 | KL_raw: 0.16849828), step = 41, beta: 0.0000 time_elapsed = 37.09 secs
 -- epoch 001 | batch 041: len: tensor([ 533,  528,  677, 1106,  450,  973, 1050, 1280,  979, 1280,  404])
	 * loss = (RC: 5.2940 | KL: 0.2911 | KL_raw: 0.17054948), step = 42, beta: 0.0000 time_elapsed = 37.95 secs
 -- epoch 001 | batch 042: len: tensor([1280,  739,  786,  608,  492,  898,  470, 1280,  544,  700,  810])
	 * loss = (RC: 5.2745 | KL: 0.2915 | KL_raw: 0.17254573), step = 43, beta: 0.0000 time_elapsed = 38.81 secs
 -- epoch 001 | batch 043: len: tensor([ 728,  983,  495, 1269,  631, 1280, 1044, 1222, 1280,  965,  783])
	 * loss = (RC: 5.2452 | KL: 0.2919 | KL_raw: 0.17482717), step = 44, beta: 0.0000 time_elapsed = 39.67 secs
 -- epoch 001 | batch 044: len: tensor([ 912,  664, 1029,  827,  917,  896, 1280, 1280,  487, 1064, 1024])
	 * loss = (RC: 5.2043 | KL: 0.2924 | KL_raw: 0.17685804), step = 45, beta: 0.0000 time_elapsed = 40.57 secs
 -- epoch 001 | batch 045: len: tensor([ 887,  439, 1244,  985,  603,  696,  872, 1280,  791, 1280,  817])
	 * loss = (RC: 5.2219 | KL: 0.2930 | KL_raw: 0.17908826), step = 46, beta: 0.0000 time_elapsed = 41.48 secs
 -- epoch 001 | batch 046: len: tensor([1114,  689, 1171,  811,  739, 1238,  638, 1280, 1280, 1280,  782])
	 * loss = (RC: 5.2016 | KL: 0.2934 | KL_raw: 0.18109272), step = 47, beta: 0.0000 time_elapsed = 42.34 secs
 -- epoch 001 | batch 047: len: tensor([1280,  814,  739, 1124, 1280, 1058,  515,  350,  660, 1280,  556])
	 * loss = (RC: 5.1881 | KL: 0.2941 | KL_raw: 0.18333098), step = 48, beta: 0.0000 time_elapsed = 43.20 secs
 -- epoch 001 | batch 048: len: tensor([ 511, 1280,  749,  922,  541,  878, 1105,  414,  646, 1052, 1280])
	 * loss = (RC: 5.1979 | KL: 0.2952 | KL_raw: 0.18580545), step = 49, beta: 0.0000 time_elapsed = 44.06 secs
 -- epoch 001 | batch 049: len: tensor([ 562, 1190,  723, 1280,  566,  821,  752,  717,  514,  860,  974])
	 * loss = (RC: 5.1677 | KL: 0.2960 | KL_raw: 0.18813699), step = 50, beta: 0.0000 time_elapsed = 44.97 secs
[info] validating ...
[round 1]
[round 2]
[round 3]
[round 4]
[round 5]
[round 6]
[round 7]
[round 8]
 -- epoch 001 | batch 050: len: tensor([ 727, 1049,  883,  933,  919, 1249,  826,  556,  267,  762,  656])
	 * loss = (RC: 5.1636 | KL: 0.2968 | KL_raw: 0.19041556), step = 51, beta: 0.0000 time_elapsed = 70.62 secs
 -- epoch 001 | batch 051: len: tensor([1191,  503,  974, 1280,  686, 1049,  675,  632, 1088,  672,  821])
	 * loss = (RC: 5.1489 | KL: 0.2979 | KL_raw: 0.19300729), step = 52, beta: 0.0000 time_elapsed = 71.48 secs
 -- epoch 001 | batch 052: len: tensor([1193, 1227,  648, 1280, 1280,  541,  809,  446,  809,  941,  951])
	 * loss = (RC: 5.1334 | KL: 0.2990 | KL_raw: 0.19550727), step = 53, beta: 0.0000 time_elapsed = 72.34 secs
 -- epoch 001 | batch 053: len: tensor([1280,  933, 1067, 1107,  631,  755,  794,  860, 1191,  693, 1044])
	 * loss = (RC: 5.1222 | KL: 0.3002 | KL_raw: 0.19797549), step = 54, beta: 0.0000 time_elapsed = 73.20 secs
 -- epoch 001 | batch 054: len: tensor([ 828, 1280,  465,  685,  681,  557,  696, 1057,  445,  890, 1238])
	 * loss = (RC: 5.1066 | KL: 0.3020 | KL_raw: 0.20086887), step = 55, beta: 0.0000 time_elapsed = 74.06 secs
 -- epoch 001 | batch 055: len: tensor([ 878,  880,  506, 1099, 1247, 1280,  513, 1280,  515,  871,  625])
	 * loss = (RC: 5.1015 | KL: 0.3034 | KL_raw: 0.20362240), step = 56, beta: 0.0000 time_elapsed = 74.97 secs
 -- epoch 001 | batch 056: len: tensor([ 591,  737,  874,  723,  724,  855,  530,  706, 1280,  982,  541])
	 * loss = (RC: 5.1139 | KL: 0.3053 | KL_raw: 0.20673457), step = 57, beta: 0.0000 time_elapsed = 75.83 secs
 -- epoch 001 | batch 057: len: tensor([1280,  485,  732,  812, 1185, 1118,  757, 1280,  915,  779,  928])
	 * loss = (RC: 5.0445 | KL: 0.3063 | KL_raw: 0.20931119), step = 58, beta: 0.0000 time_elapsed = 76.69 secs
 -- epoch 001 | batch 058: len: tensor([ 645,  352,  657,  792,  786,  815,  753,  511, 1181,  602,  794])
	 * loss = (RC: 5.0909 | KL: 0.3082 | KL_raw: 0.21239240), step = 59, beta: 0.0000 time_elapsed = 77.61 secs
 -- epoch 001 | batch 059: len: tensor([1280, 1280,  834,  431,  684,  544,  970, 1280, 1179, 1041,  393])
	 * loss = (RC: 5.0561 | KL: 0.3088 | KL_raw: 0.21505699), step = 60, beta: 0.0000 time_elapsed = 78.48 secs
 -- epoch 001 | batch 060: len: tensor([1280,  432,  854,  453, 1216,  698, 1280,  430, 1134,  598,  442])
	 * loss = (RC: 5.0511 | KL: 0.3105 | KL_raw: 0.21818924), step = 61, beta: 0.0000 time_elapsed = 79.34 secs
 -- epoch 001 | batch 061: len: tensor([ 882, 1195,  683,  714,  671, 1266, 1051,  705, 1280, 1280, 1021])
	 * loss = (RC: 5.0248 | KL: 0.3111 | KL_raw: 0.22087903), step = 62, beta: 0.0000 time_elapsed = 80.24 secs
 -- epoch 001 | batch 062: len: tensor([ 879,  543, 1280,  571,  605,  588, 1280,  544,  497,  852,  721])
	 * loss = (RC: 5.0583 | KL: 0.3129 | KL_raw: 0.22396266), step = 63, beta: 0.0000 time_elapsed = 81.10 secs
 -- epoch 001 | batch 063: len: tensor([ 793,  740,  576,  797, 1280,  903, 1280,  903,  627,  941,  918])
	 * loss = (RC: 5.0244 | KL: 0.3134 | KL_raw: 0.22650969), step = 64, beta: 0.0000 time_elapsed = 82.00 secs
 -- epoch 001 | batch 064: len: tensor([ 897,  708, 1280,  497, 1145,  950,  405,  661,  808,  704,  793])
	 * loss = (RC: 5.0019 | KL: 0.3150 | KL_raw: 0.22946842), step = 65, beta: 0.0000 time_elapsed = 82.87 secs
 -- epoch 001 | batch 065: len: tensor([1280,  975,  798,  695, 1280,  852,  487,  926,  909,  473,  874])
	 * loss = (RC: 5.0147 | KL: 0.3159 | KL_raw: 0.23204331), step = 66, beta: 0.0000 time_elapsed = 83.73 secs
 -- epoch 001 | batch 066: len: tensor([1280,  794, 1280,  431,  854,  870, 1280, 1280,  589,  543,  938])
	 * loss = (RC: 5.0233 | KL: 0.3168 | KL_raw: 0.23443514), step = 67, beta: 0.0000 time_elapsed = 84.59 secs
 -- epoch 001 | batch 067: len: tensor([ 436,  483, 1280,  804, 1280,  467, 1226,  658, 1280,  394,  554])
	 * loss = (RC: 4.9628 | KL: 0.3180 | KL_raw: 0.23674279), step = 68, beta: 0.0000 time_elapsed = 85.45 secs
 -- epoch 001 | batch 068: len: tensor([1280,  660,  758, 1143, 1280,  926,  591, 1032,  547,  868,  479])
	 * loss = (RC: 4.9972 | KL: 0.3191 | KL_raw: 0.23949154), step = 69, beta: 0.0000 time_elapsed = 86.30 secs
 -- epoch 001 | batch 069: len: tensor([ 766,  590,  492, 1146, 1280,  874,  822,  388, 1123,  820,  976])
	 * loss = (RC: 4.9659 | KL: 0.3202 | KL_raw: 0.24200664), step = 70, beta: 0.0000 time_elapsed = 87.16 secs
 -- epoch 001 | batch 070: len: tensor([1280,  646, 1060,  487,  570, 1028,  648,  398, 1280,  437,  698])
	 * loss = (RC: 4.9309 | KL: 0.3210 | KL_raw: 0.24410756), step = 71, beta: 0.0000 time_elapsed = 88.02 secs
 -- epoch 001 | batch 071: len: tensor([ 678,  470, 1280, 1127,  942,  398,  927,  823,  630,  390,  613])
	 * loss = (RC: 4.9100 | KL: 0.3224 | KL_raw: 0.24664669), step = 72, beta: 0.0000 time_elapsed = 88.88 secs
 -- epoch 001 | batch 072: len: tensor([ 732,  722, 1280,  751,  681,  870, 1024,  756,  799, 1280,  959])
	 * loss = (RC: 4.9456 | KL: 0.3228 | KL_raw: 0.24888906), step = 73, beta: 0.0000 time_elapsed = 89.74 secs
 -- epoch 001 | batch 073: len: tensor([1280,  713, 1078,  711,  608,  822,  565,  752,  777,  924,  744])
	 * loss = (RC: 4.9223 | KL: 0.3236 | KL_raw: 0.25090760), step = 74, beta: 0.0000 time_elapsed = 90.60 secs
 -- epoch 001 | batch 074: len: tensor([ 841,  986,  752,  675, 1144, 1115,  652,  890,  999,  481,  624])
	 * loss = (RC: 4.9535 | KL: 0.3249 | KL_raw: 0.25347573), step = 75, beta: 0.0000 time_elapsed = 91.50 secs
 -- epoch 001 | batch 075: len: tensor([ 752,  611,  737,  682,  980,  784, 1071,  629,  481,  459, 1264])
	 * loss = (RC: 4.9528 | KL: 0.3261 | KL_raw: 0.25546828), step = 76, beta: 0.0000 time_elapsed = 92.36 secs
 -- epoch 001 | batch 076: len: tensor([ 461, 1223, 1137,  739,  531, 1228,  458,  762,  861,  757,  537])
	 * loss = (RC: 4.9223 | KL: 0.3264 | KL_raw: 0.25705248), step = 77, beta: 0.0000 time_elapsed = 93.23 secs
 -- epoch 001 | batch 077: len: tensor([ 951, 1132,  423,  758,  422,  650,  426,  335, 1103, 1060,  496])
	 * loss = (RC: 4.9200 | KL: 0.3267 | KL_raw: 0.25820762), step = 78, beta: 0.0000 time_elapsed = 94.14 secs
 -- epoch 001 | batch 078: len: tensor([1018,  600,  740,  426,  918, 1094,  548,  798,  817,  811, 1271])
	 * loss = (RC: 4.8953 | KL: 0.3276 | KL_raw: 0.26081163), step = 79, beta: 0.0000 time_elapsed = 95.01 secs
 -- epoch 001 | batch 079: len: tensor([ 414,  750,  830,  701,  649,  554,  758,  728, 1280, 1280,  637])
	 * loss = (RC: 4.8463 | KL: 0.3279 | KL_raw: 0.26205161), step = 80, beta: 0.0000 time_elapsed = 95.87 secs
 -- epoch 001 | batch 080: len: tensor([1025, 1063, 1280,  493,  999, 1280,  775,  903,  609,  698,  793])
	 * loss = (RC: 4.8915 | KL: 0.3279 | KL_raw: 0.26371285), step = 81, beta: 0.0000 time_elapsed = 96.73 secs
 -- epoch 001 | batch 081: len: tensor([1157,  867,  999,  978,  597, 1280,  927,  985, 1274,  435, 1007])
	 * loss = (RC: 4.8297 | KL: 0.3282 | KL_raw: 0.26515076), step = 82, beta: 0.0000 time_elapsed = 97.59 secs
 -- epoch 001 | batch 082: len: tensor([ 660, 1094, 1280, 1280,  592,  881,  871,  722, 1055,  896,  781])
	 * loss = (RC: 4.8373 | KL: 0.3288 | KL_raw: 0.26680198), step = 83, beta: 0.0000 time_elapsed = 98.45 secs
 -- epoch 001 | batch 083: len: tensor([ 479,  957, 1203,  849,  759, 1280,  877,  488,  750,  607, 1019])
	 * loss = (RC: 4.8149 | KL: 0.3297 | KL_raw: 0.26842827), step = 84, beta: 0.0000 time_elapsed = 99.32 secs
 -- epoch 001 | batch 084: len: tensor([1280, 1262, 1018,  987,  765, 1044,  800,  973,  633, 1280,  474])
	 * loss = (RC: 4.7916 | KL: 0.3283 | KL_raw: 0.26847398), step = 85, beta: 0.0000 time_elapsed = 100.23 secs
 -- epoch 001 | batch 085: len: tensor([ 810, 1280,  644, 1162, 1280,  774,  864,  899,  549, 1077, 1280])
	 * loss = (RC: 4.8320 | KL: 0.3290 | KL_raw: 0.27019703), step = 86, beta: 0.0000 time_elapsed = 101.12 secs
 -- epoch 001 | batch 086: len: tensor([ 588,  942,  671,  618,  813, 1032,  920, 1009,  572,  470,  801])
	 * loss = (RC: 4.8883 | KL: 0.3323 | KL_raw: 0.27408648), step = 87, beta: 0.0000 time_elapsed = 101.99 secs
 -- epoch 001 | batch 087: len: tensor([ 614, 1280, 1280,  387,  427,  440, 1091,  804,  719,  761,  588])
	 * loss = (RC: 4.8184 | KL: 0.3296 | KL_raw: 0.27206507), step = 88, beta: 0.0000 time_elapsed = 102.89 secs
 -- epoch 001 | batch 088: len: tensor([1280,  400, 1280,  549,  910, 1069,  718, 1034, 1280,  417, 1280])
	 * loss = (RC: 4.7171 | KL: 0.3275 | KL_raw: 0.27097911), step = 89, beta: 0.0000 time_elapsed = 103.75 secs
 -- epoch 001 | batch 089: len: tensor([ 611, 1022, 1280,  631,  738,  420,  819,  875,  546,  427,  592])
	 * loss = (RC: 4.8353 | KL: 0.3315 | KL_raw: 0.27546483), step = 90, beta: 0.0000 time_elapsed = 104.61 secs
 -- epoch 001 | batch 090: len: tensor([ 716,  534,  923,  526,  986, 1280, 1146,  599,  415,  425,  889])
	 * loss = (RC: 4.8120 | KL: 0.3313 | KL_raw: 0.27605534), step = 91, beta: 0.0000 time_elapsed = 105.52 secs
 -- epoch 001 | batch 091: len: tensor([ 528, 1280,  748,  454, 1161,  852,  872, 1180,  861,  751, 1280])
	 * loss = (RC: 4.7957 | KL: 0.3287 | KL_raw: 0.27413625), step = 92, beta: 0.0000 time_elapsed = 106.39 secs
 -- epoch 001 | batch 092: len: tensor([ 880,  968, 1280,  993,  448,  439,  837,  765,  914,  465, 1201])
	 * loss = (RC: 4.8048 | KL: 0.3296 | KL_raw: 0.27547103), step = 93, beta: 0.0000 time_elapsed = 107.25 secs
 -- epoch 001 | batch 093: len: tensor([828, 659, 801, 629, 870, 609, 425, 958, 742, 400, 524])
	 * loss = (RC: 4.7638 | KL: 0.3300 | KL_raw: 0.27328503), step = 94, beta: 0.0000 time_elapsed = 108.15 secs
 -- epoch 001 | batch 094: len: tensor([ 799,  525,  914,  595,  840, 1021,  856,  754, 1142,  961,  488])
	 * loss = (RC: 4.8187 | KL: 0.3294 | KL_raw: 0.27467990), step = 95, beta: 0.0000 time_elapsed = 109.01 secs
 -- epoch 001 | batch 095: len: tensor([ 498,  733,  603,  690,  628,  467,  654,  707, 1103,  781,  607])
	 * loss = (RC: 4.7634 | KL: 0.3207 | KL_raw: 0.25885704), step = 96, beta: 0.0000 time_elapsed = 109.87 secs
 -- epoch 001 | batch 096: len: tensor([ 510,  491,  458,  697,  748,  980,  593,  937,  720, 1280,  570])
	 * loss = (RC: 4.7414 | KL: 0.3149 | KL_raw: 0.25423434), step = 97, beta: 0.0000 time_elapsed = 110.76 secs
 -- epoch 001 | batch 097: len: tensor([ 543,  902, 1280, 1088,  906,  675,  972,  659,  831,  445,  731])
	 * loss = (RC: 4.7750 | KL: 0.3173 | KL_raw: 0.26077193), step = 98, beta: 0.0000 time_elapsed = 111.62 secs
 -- epoch 001 | batch 098: len: tensor([ 837, 1280,  925,  772,  943,  674, 1280,  505, 1249,  962,  516])
	 * loss = (RC: 4.7657 | KL: 0.3129 | KL_raw: 0.25785142), step = 99, beta: 0.0000 time_elapsed = 112.48 secs
 -- epoch 001 | batch 099: len: tensor([1280,  536,  491,  906, 1280,  517,  642,  751, 1120,  727, 1280])
	 * loss = (RC: 4.7250 | KL: 0.3052 | KL_raw: 0.24658264), step = 100, beta: 0.0000 time_elapsed = 113.38 secs
[info] validating ...
[round 1]
[round 2]
[round 3]
[round 4]
[round 5]
[round 6]
[round 7]
[round 8]
 -- epoch 001 | batch 100: len: tensor([ 526,  598,  488, 1280,  537,  803,  998,  768,  570, 1240, 1070])
	 * loss = (RC: 4.6720 | KL: 0.3043 | KL_raw: 0.24552946), step = 101, beta: 0.0000 time_elapsed = 138.93 secs
 -- epoch 001 | batch 101: len: tensor([1180,  545,  673, 1050,  793,  470,  504, 1077,  863,  567, 1002])
	 * loss = (RC: 4.8165 | KL: 0.3042 | KL_raw: 0.24678859), step = 102, beta: 0.0000 time_elapsed = 139.84 secs
 -- epoch 001 | batch 102: len: tensor([1057,  725,  991,  426,  952,  964,  641, 1280,  738, 1280,  915])
	 * loss = (RC: 4.6796 | KL: 0.3015 | KL_raw: 0.24132204), step = 103, beta: 0.0000 time_elapsed = 140.70 secs
 -- epoch 001 | batch 103: len: tensor([ 763,  642,  614,  950,  471,  910,  864,  568,  690, 1024, 1134])
	 * loss = (RC: 4.7387 | KL: 0.2992 | KL_raw: 0.23871261), step = 104, beta: 0.0000 time_elapsed = 141.56 secs
 -- epoch 001 | batch 104: len: tensor([ 782, 1280,  866,  592,  895,  986,  798,  537,  912,  712, 1280])
	 * loss = (RC: 4.8108 | KL: 0.2982 | KL_raw: 0.23599970), step = 105, beta: 0.0000 time_elapsed = 142.42 secs
 -- epoch 001 | batch 105: len: tensor([1056, 1280,  591, 1112,  640, 1280,  562,  733,  830,  600,  926])
	 * loss = (RC: 4.6865 | KL: 0.2966 | KL_raw: 0.23160106), step = 106, beta: 0.0000 time_elapsed = 143.28 secs
 -- epoch 001 | batch 106: len: tensor([1044,  953, 1108,  641,  533,  571,  733,  366, 1280,  487, 1035])
	 * loss = (RC: 4.7825 | KL: 0.2944 | KL_raw: 0.21939696), step = 107, beta: 0.0000 time_elapsed = 144.19 secs
 -- epoch 001 | batch 107: len: tensor([ 464,  857,  625,  670,  516,  456,  901,  870, 1280, 1280,  718])
	 * loss = (RC: 4.7638 | KL: 0.2968 | KL_raw: 0.22185729), step = 108, beta: 0.0000 time_elapsed = 145.06 secs
 -- epoch 001 | batch 108: len: tensor([ 759,  697,  510,  773,  857,  855,  925, 1280, 1053,  691, 1074])
	 * loss = (RC: 4.7154 | KL: 0.2987 | KL_raw: 0.22685871), step = 109, beta: 0.0000 time_elapsed = 145.92 secs
 -- epoch 001 | batch 109: len: tensor([ 510,  924,  808,  350,  482,  540, 1280,  630,  675,  738, 1019])
	 * loss = (RC: 4.6927 | KL: 0.3052 | KL_raw: 0.20598395), step = 110, beta: 0.0000 time_elapsed = 146.78 secs
 -- epoch 001 | batch 110: len: tensor([ 446, 1280,  473,  695, 1280, 1161, 1086,  422,  579, 1036,  935])
	 * loss = (RC: 4.7444 | KL: 0.3030 | KL_raw: 0.22015743), step = 111, beta: 0.0000 time_elapsed = 147.65 secs
 -- epoch 001 | batch 111: len: tensor([ 533, 1098,  752,  960,  752,  933,  936, 1059,  843, 1038, 1003])
	 * loss = (RC: 4.7279 | KL: 0.3053 | KL_raw: 0.23819554), step = 112, beta: 0.0000 time_elapsed = 148.51 secs
 -- epoch 001 | batch 112: len: tensor([ 535, 1020,  865,  561,  678,  904,  792,  610,  584,  822, 1014])
	 * loss = (RC: 4.7604 | KL: 0.3139 | KL_raw: 0.21543181), step = 113, beta: 0.0000 time_elapsed = 149.41 secs
 -- epoch 001 | batch 113: len: tensor([ 927, 1180,  475,  758,  390,  749,  949,  738,  679,  762,  422])
	 * loss = (RC: 4.7512 | KL: 0.3188 | KL_raw: 0.21679243), step = 114, beta: 0.0000 time_elapsed = 150.27 secs
 -- epoch 001 | batch 114: len: tensor([ 856,  803,  669, 1066, 1211,  727,  937,  360,  896,  899, 1280])
	 * loss = (RC: 4.6923 | KL: 0.3139 | KL_raw: 0.23640947), step = 115, beta: 0.0000 time_elapsed = 151.13 secs
 -- epoch 001 | batch 115: len: tensor([ 879, 1003,  963, 1177,  739,  633,  670,  583, 1115,  467,  666])
	 * loss = (RC: 4.7234 | KL: 0.3247 | KL_raw: 0.23000449), step = 116, beta: 0.0000 time_elapsed = 152.03 secs
 -- epoch 001 | batch 116: len: tensor([ 602,  432,  772, 1191,  548, 1280,  530, 1280,  934,  963,  690])
	 * loss = (RC: 4.6894 | KL: 0.3283 | KL_raw: 0.23851484), step = 117, beta: 0.0000 time_elapsed = 152.89 secs
 -- epoch 001 | batch 117: len: tensor([ 796,  531,  515,  908, 1280, 1090,  689, 1280, 1095, 1022, 1280])
	 * loss = (RC: 4.7209 | KL: 0.3334 | KL_raw: 0.24905168), step = 118, beta: 0.0000 time_elapsed = 153.75 secs
 -- epoch 001 | batch 118: len: tensor([ 449,  555,  864,  841,  625,  536,  943, 1280, 1228,  504,  761])
	 * loss = (RC: 4.7299 | KL: 0.3368 | KL_raw: 0.24840939), step = 119, beta: 0.0000 time_elapsed = 154.63 secs
 -- epoch 001 | batch 119: len: tensor([ 959,  658,  432,  854,  571, 1280,  586, 1072,  958,  788, 1280])
	 * loss = (RC: 4.6780 | KL: 0.3408 | KL_raw: 0.26004559), step = 120, beta: 0.0000 time_elapsed = 155.49 secs
 -- epoch 001 | batch 120: len: tensor([ 458,  639,  573, 1135,  509,  712,  709,  943,  619,  757,  550])
	 * loss = (RC: 4.7462 | KL: 0.3381 | KL_raw: 0.26230553), step = 121, beta: 0.0000 time_elapsed = 156.35 secs
 -- epoch 001 | batch 121: len: tensor([ 978,  733,  903,  686, 1125,  742,  957, 1280,  914,  700,  545])
	 * loss = (RC: 4.7267 | KL: 0.3478 | KL_raw: 0.27292317), step = 122, beta: 0.0000 time_elapsed = 157.21 secs
 -- epoch 001 | batch 122: len: tensor([ 589,  900, 1280, 1280, 1137,  821,  843,  773, 1280,  411,  786])
	 * loss = (RC: 4.6373 | KL: 0.3497 | KL_raw: 0.27795106), step = 123, beta: 0.0000 time_elapsed = 158.16 secs
 -- epoch 001 | batch 123: len: tensor([1152,  741,  878,  692, 1197,  742,  424, 1280, 1280, 1280, 1086])
	 * loss = (RC: 4.6973 | KL: 0.3574 | KL_raw: 0.28145236), step = 124, beta: 0.0000 time_elapsed = 159.06 secs
 -- epoch 001 | batch 124: len: tensor([ 941, 1063, 1176,  538,  395, 1087,  821,  812, 1280,  729,  579])
	 * loss = (RC: 4.6935 | KL: 0.3601 | KL_raw: 0.28093183), step = 125, beta: 0.0000 time_elapsed = 159.92 secs
 -- epoch 001 | batch 125: len: tensor([ 973, 1172, 1280,  761,  713,  442,  581,  640,  849,  708,  926])
	 * loss = (RC: 4.7132 | KL: 0.3562 | KL_raw: 0.28670555), step = 126, beta: 0.0000 time_elapsed = 160.78 secs
 -- epoch 001 | batch 126: len: tensor([ 687, 1179,  814,  655,  685,  459,  818,  360, 1280,  708, 1224])
	 * loss = (RC: 4.6721 | KL: 0.3628 | KL_raw: 0.29107463), step = 127, beta: 0.0000 time_elapsed = 161.69 secs
 -- epoch 001 | batch 127: len: tensor([ 801, 1280,  310,  460, 1280,  893, 1280,  488,  434,  657,  879])
	 * loss = (RC: 4.6929 | KL: 0.3658 | KL_raw: 0.29302174), step = 128, beta: 0.0000 time_elapsed = 162.55 secs
 -- epoch 001 | batch 128: len: tensor([1002,  785,  799,  865,  405,  482,  958,  948,  821,  832,  685])
	 * loss = (RC: 4.7311 | KL: 0.3582 | KL_raw: 0.30793017), step = 129, beta: 0.0000 time_elapsed = 163.42 secs
 -- epoch 001 | batch 129: len: tensor([ 823,  920,  902, 1280, 1030, 1051, 1224, 1094,  783,  673,  401])
	 * loss = (RC: 4.6729 | KL: 0.3626 | KL_raw: 0.31341523), step = 130, beta: 0.0000 time_elapsed = 164.28 secs
 -- epoch 001 | batch 130: len: tensor([ 693,  930, 1089,  373, 1122,  799, 1192,  795,  624,  909,  976])
	 * loss = (RC: 4.6511 | KL: 0.3533 | KL_raw: 0.31239593), step = 131, beta: 0.0000 time_elapsed = 165.14 secs
 -- epoch 001 | batch 131: len: tensor([ 578,  607,  870,  925,  656,  791,  887, 1156,  636,  448, 1008])
	 * loss = (RC: 4.7116 | KL: 0.3485 | KL_raw: 0.30526236), step = 132, beta: 0.0000 time_elapsed = 166.01 secs
 -- epoch 001 | batch 132: len: tensor([ 517, 1132,  353,  514, 1280,  655,  420,  357,  760, 1276,  844])
	 * loss = (RC: 4.6744 | KL: 0.3538 | KL_raw: 0.29972807), step = 133, beta: 0.0000 time_elapsed = 166.87 secs
 -- epoch 001 | batch 133: len: tensor([ 737,  955,  852, 1204, 1071,  480,  476,  927,  874,  654,  443])
	 * loss = (RC: 4.6849 | KL: 0.3473 | KL_raw: 0.30539706), step = 134, beta: 0.0000 time_elapsed = 167.73 secs
 -- epoch 001 | batch 134: len: tensor([ 970,  405,  500,  735,  580, 1080, 1009,  584,  895,  709,  701])
	 * loss = (RC: 4.7263 | KL: 0.3476 | KL_raw: 0.30525830), step = 135, beta: 0.0000 time_elapsed = 168.59 secs
 -- epoch 001 | batch 135: len: tensor([ 607,  430, 1280,  780,  960,  514,  833,  812, 1250, 1280,  941])
	 * loss = (RC: 4.5938 | KL: 0.3522 | KL_raw: 0.31704590), step = 136, beta: 0.0000 time_elapsed = 169.45 secs
 -- epoch 001 | batch 136: len: tensor([ 886,  389,  795,  509,  527, 1280, 1019, 1243, 1280,  758,  483])
	 * loss = (RC: 4.6798 | KL: 0.3553 | KL_raw: 0.31577063), step = 137, beta: 0.0000 time_elapsed = 170.31 secs
 -- epoch 001 | batch 137: len: tensor([1041,  903,  947,  796,  809,  599, 1038, 1085,  589,  803, 1274])
	 * loss = (RC: 4.7017 | KL: 0.3582 | KL_raw: 0.32648319), step = 138, beta: 0.0000 time_elapsed = 171.17 secs
 -- epoch 001 | batch 138: len: tensor([ 812,  858, 1135,  777,  923,  769,  588, 1015,  709,  774,  538])
	 * loss = (RC: 4.7049 | KL: 0.3477 | KL_raw: 0.31875071), step = 139, beta: 0.0000 time_elapsed = 172.03 secs
 -- epoch 001 | batch 139: len: tensor([1111, 1280, 1055,  630,  777, 1252, 1033,  415,  947, 1280,  498])
	 * loss = (RC: 4.6622 | KL: 0.3518 | KL_raw: 0.31686673), step = 140, beta: 0.0000 time_elapsed = 172.89 secs
 -- epoch 001 | batch 140: len: tensor([ 570,  845,  629, 1193, 1280,  723,  568, 1280,  691, 1266, 1280])
	 * loss = (RC: 4.6219 | KL: 0.3398 | KL_raw: 0.30764180), step = 141, beta: 0.0000 time_elapsed = 173.75 secs
 -- epoch 001 | batch 141: len: tensor([ 928, 1040, 1042, 1253,  762, 1280, 1033,  858, 1066,  810, 1108])
	 * loss = (RC: 4.6151 | KL: 0.3406 | KL_raw: 0.30901372), step = 142, beta: 0.0000 time_elapsed = 174.63 secs
 -- epoch 001 | batch 142: len: tensor([ 564,  827,  702,  867, 1026,  913,  802,  578, 1280,  627])
	 * loss = (RC: 4.6275 | KL: 0.3337 | KL_raw: 0.30385625), step = 143, beta: 0.0000 time_elapsed = 175.45 secs
[epoch 001] training completed
  -- loss = (RC: 4.6275 | KL: 0.3337 | KL_raw: 0.3039)
  -- time elapsed = 177.09 secs.
