[preparing data] now at #0
[preparing data] now at #200
[preparing data] now at #400
[preparing data] now at #600
[preparing data] now at #0
[info] # training samples: 697
[info] model # params: 79438957
[epoch 001] training ...
[epoch 001] # batches = 117
 -- epoch 001 | batch 000: len: tensor([ 693,  699, 1079,  397,  720,  714])
	 * loss = (RC: 5.8617, VQ: 0.5054, step = 1 time_elapsed = 3.15 secs
 -- epoch 001 | batch 001: len: tensor([1218,  730, 1280,  514,  782, 1258])
	 * loss = (RC: 5.8607, VQ: 0.4959, step = 2 time_elapsed = 4.04 secs
 -- epoch 001 | batch 002: len: tensor([1075, 1280,  875, 1280,  983,  701])
	 * loss = (RC: 5.8599, VQ: 0.4851, step = 3 time_elapsed = 4.94 secs
 -- epoch 001 | batch 003: len: tensor([ 969, 1068, 1050,  837,  419,  606])
	 * loss = (RC: 5.8591, VQ: 0.4723, step = 4 time_elapsed = 5.84 secs
 -- epoch 001 | batch 004: len: tensor([ 552,  819, 1280,  866, 1280,  605])
	 * loss = (RC: 5.8576, VQ: 0.4485, step = 5 time_elapsed = 6.71 secs
 -- epoch 001 | batch 005: len: tensor([1019, 1010,  870, 1280,  886,  796])
	 * loss = (RC: 5.8564, VQ: 0.4226, step = 6 time_elapsed = 7.64 secs
 -- epoch 001 | batch 006: len: tensor([ 702, 1280, 1280,  864,  552,  878])
	 * loss = (RC: 5.8543, VQ: 0.3963, step = 7 time_elapsed = 8.52 secs
 -- epoch 001 | batch 007: len: tensor([ 663,  670, 1124, 1043, 1248, 1104])
	 * loss = (RC: 5.8520, VQ: 0.3631, step = 8 time_elapsed = 9.39 secs
 -- epoch 001 | batch 008: len: tensor([1280, 1280, 1107,  737,  917,  404])
	 * loss = (RC: 5.8495, VQ: 0.3317, step = 9 time_elapsed = 10.27 secs
 -- epoch 001 | batch 009: len: tensor([1016, 1106,  921,  769,  867, 1247])
	 * loss = (RC: 5.8462, VQ: 0.2943, step = 10 time_elapsed = 11.15 secs
 -- epoch 001 | batch 010: len: tensor([1132,  590,  945,  779, 1280, 1280])
	 * loss = (RC: 5.8425, VQ: 0.2640, step = 11 time_elapsed = 12.03 secs
 -- epoch 001 | batch 011: len: tensor([ 971,  923, 1251,  956, 1039, 1109])
	 * loss = (RC: 5.8384, VQ: 0.2281, step = 12 time_elapsed = 12.91 secs
 -- epoch 001 | batch 012: len: tensor([1207,  640, 1280,  882,  802,  570])
	 * loss = (RC: 5.8336, VQ: 0.1985, step = 13 time_elapsed = 13.79 secs
 -- epoch 001 | batch 013: len: tensor([1280,  761, 1044, 1280,  766, 1134])
	 * loss = (RC: 5.8282, VQ: 0.1649, step = 14 time_elapsed = 14.68 secs
 -- epoch 001 | batch 014: len: tensor([1098,  888, 1169,  921,  832,  805])
	 * loss = (RC: 5.8226, VQ: 0.1401, step = 15 time_elapsed = 15.56 secs
 -- epoch 001 | batch 015: len: tensor([1280,  968, 1118,  805,  992,  814])
	 * loss = (RC: 5.8161, VQ: 0.1166, step = 16 time_elapsed = 16.44 secs
 -- epoch 001 | batch 016: len: tensor([ 827,  599, 1280,  615, 1131,  662])
	 * loss = (RC: 5.8087, VQ: 0.0989, step = 17 time_elapsed = 17.31 secs
 -- epoch 001 | batch 017: len: tensor([ 984, 1016,  617, 1280,  702, 1128])
	 * loss = (RC: 5.8003, VQ: 0.0825, step = 18 time_elapsed = 18.20 secs
 -- epoch 001 | batch 018: len: tensor([ 634, 1125,  929,  983,  910,  844])
	 * loss = (RC: 5.7918, VQ: 0.0691, step = 19 time_elapsed = 19.08 secs
 -- epoch 001 | batch 019: len: tensor([779, 688, 661, 872, 982, 759])
	 * loss = (RC: 5.7826, VQ: 0.0597, step = 20 time_elapsed = 19.97 secs
 -- epoch 001 | batch 020: len: tensor([1034, 1042,  808,  796,  783, 1135])
	 * loss = (RC: 5.7741, VQ: 0.0535, step = 21 time_elapsed = 20.86 secs
 -- epoch 001 | batch 021: len: tensor([ 856,  652,  891, 1117, 1232, 1050])
	 * loss = (RC: 5.7634, VQ: 0.0482, step = 22 time_elapsed = 21.74 secs
 -- epoch 001 | batch 022: len: tensor([1280,  957, 1075, 1055,  797, 1093])
	 * loss = (RC: 5.7515, VQ: 0.0446, step = 23 time_elapsed = 22.63 secs
 -- epoch 001 | batch 023: len: tensor([1280, 1001,  686, 1242,  895, 1172])
	 * loss = (RC: 5.7387, VQ: 0.0409, step = 24 time_elapsed = 23.51 secs
 -- epoch 001 | batch 024: len: tensor([ 876, 1062, 1280,  888,  415,  938])
	 * loss = (RC: 5.7276, VQ: 0.0387, step = 25 time_elapsed = 24.39 secs
 -- epoch 001 | batch 025: len: tensor([ 638, 1067, 1113, 1185, 1242,  722])
	 * loss = (RC: 5.7142, VQ: 0.0358, step = 26 time_elapsed = 25.28 secs
 -- epoch 001 | batch 026: len: tensor([1213, 1105, 1129, 1100,  892, 1280])
	 * loss = (RC: 5.7008, VQ: 0.0329, step = 27 time_elapsed = 26.17 secs
 -- epoch 001 | batch 027: len: tensor([1200, 1143, 1234, 1193,  854,  890])
	 * loss = (RC: 5.6870, VQ: 0.0313, step = 28 time_elapsed = 27.06 secs
 -- epoch 001 | batch 028: len: tensor([ 985, 1032, 1280,  976, 1280,  721])
	 * loss = (RC: 5.6710, VQ: 0.0292, step = 29 time_elapsed = 27.95 secs
 -- epoch 001 | batch 029: len: tensor([1280, 1233,  885, 1255, 1280, 1280])
	 * loss = (RC: 5.6539, VQ: 0.0270, step = 30 time_elapsed = 28.86 secs
 -- epoch 001 | batch 030: len: tensor([ 748, 1212,  876, 1079,  631, 1123])
	 * loss = (RC: 5.6391, VQ: 0.0258, step = 31 time_elapsed = 29.75 secs
 -- epoch 001 | batch 031: len: tensor([ 795,  966,  865, 1153, 1280,  841])
	 * loss = (RC: 5.6247, VQ: 0.0241, step = 32 time_elapsed = 30.64 secs
 -- epoch 001 | batch 032: len: tensor([ 871,  744, 1124,  697, 1260, 1075])
	 * loss = (RC: 5.6099, VQ: 0.0227, step = 33 time_elapsed = 31.52 secs
 -- epoch 001 | batch 033: len: tensor([ 662,  606, 1118,  660,  908,  668])
	 * loss = (RC: 5.5961, VQ: 0.0219, step = 34 time_elapsed = 32.46 secs
 -- epoch 001 | batch 034: len: tensor([1280,  733,  709,  526, 1206,  847])
	 * loss = (RC: 5.5807, VQ: 0.0200, step = 35 time_elapsed = 33.35 secs
 -- epoch 001 | batch 035: len: tensor([ 901,  983,  831,  790,  934, 1280])
	 * loss = (RC: 5.5662, VQ: 0.0189, step = 36 time_elapsed = 34.24 secs
 -- epoch 001 | batch 036: len: tensor([1280,  977,  817, 1280, 1280,  787])
	 * loss = (RC: 5.5512, VQ: 0.0182, step = 37 time_elapsed = 35.16 secs
 -- epoch 001 | batch 037: len: tensor([1280, 1203,  872, 1280,  604, 1280])
	 * loss = (RC: 5.5352, VQ: 0.0174, step = 38 time_elapsed = 36.05 secs
 -- epoch 001 | batch 038: len: tensor([1003, 1003,  823, 1054, 1047, 1280])
	 * loss = (RC: 5.5220, VQ: 0.0169, step = 39 time_elapsed = 36.94 secs
 -- epoch 001 | batch 039: len: tensor([1048, 1280,  915,  997, 1049, 1059])
	 * loss = (RC: 5.5074, VQ: 0.0156, step = 40 time_elapsed = 37.82 secs
 -- epoch 001 | batch 040: len: tensor([1280,  978,  670, 1239,  941, 1168])
	 * loss = (RC: 5.4942, VQ: 0.0150, step = 41 time_elapsed = 38.71 secs
 -- epoch 001 | batch 041: len: tensor([ 955,  769, 1280,  875,  764, 1280])
	 * loss = (RC: 5.4816, VQ: 0.0145, step = 42 time_elapsed = 39.60 secs
 -- epoch 001 | batch 042: len: tensor([1203,  895,  986, 1147,  949,  568])
	 * loss = (RC: 5.4688, VQ: 0.0135, step = 43 time_elapsed = 40.49 secs
 -- epoch 001 | batch 043: len: tensor([ 851, 1280,  891, 1103, 1280, 1189])
	 * loss = (RC: 5.4537, VQ: 0.0124, step = 44 time_elapsed = 41.38 secs
 -- epoch 001 | batch 044: len: tensor([1045, 1173, 1241, 1239,  719, 1276])
	 * loss = (RC: 5.4407, VQ: 0.0119, step = 45 time_elapsed = 42.28 secs
 -- epoch 001 | batch 045: len: tensor([ 817,  900,  491, 1069,  318,  763])
	 * loss = (RC: 5.4310, VQ: 0.0123, step = 46 time_elapsed = 43.20 secs
 -- epoch 001 | batch 046: len: tensor([1166, 1280,  843, 1056,  708,  837])
	 * loss = (RC: 5.4180, VQ: 0.0108, step = 47 time_elapsed = 44.08 secs
 -- epoch 001 | batch 047: len: tensor([1221,  948,  603,  831, 1280,  836])
	 * loss = (RC: 5.4092, VQ: 0.0108, step = 48 time_elapsed = 44.98 secs
 -- epoch 001 | batch 048: len: tensor([ 737,  750,  660,  831,  732, 1280])
	 * loss = (RC: 5.3981, VQ: 0.0103, step = 49 time_elapsed = 45.89 secs
 -- epoch 001 | batch 049: len: tensor([1101,  840,  772, 1141, 1280,  769])
	 * loss = (RC: 5.3845, VQ: 0.0099, step = 50 time_elapsed = 46.78 secs
[info] validating ...
[round 1]
[round 2]
[round 3]
[round 4]
[round 5]
[round 6]
[round 7]
[round 8]
 -- epoch 001 | batch 050: len: tensor([738, 918, 607, 768, 883, 756])
	 * loss = (RC: 5.3746, VQ: 0.0100, step = 51 time_elapsed = 69.90 secs
 -- epoch 001 | batch 051: len: tensor([590, 794, 931, 926, 696, 937])
	 * loss = (RC: 5.3623, VQ: 0.0094, step = 52 time_elapsed = 70.79 secs
 -- epoch 001 | batch 052: len: tensor([1280, 1227, 1044,  913,  988,  894])
	 * loss = (RC: 5.3493, VQ: 0.0092, step = 53 time_elapsed = 71.67 secs
 -- epoch 001 | batch 053: len: tensor([ 715, 1253,  936,  800,  617, 1177])
	 * loss = (RC: 5.3375, VQ: 0.0088, step = 54 time_elapsed = 72.57 secs
 -- epoch 001 | batch 054: len: tensor([1280, 1244,  717,  686, 1070, 1280])
	 * loss = (RC: 5.3246, VQ: 0.0088, step = 55 time_elapsed = 73.46 secs
 -- epoch 001 | batch 055: len: tensor([ 713,  858,  642,  988,  911, 1280])
	 * loss = (RC: 5.3141, VQ: 0.0087, step = 56 time_elapsed = 74.37 secs
 -- epoch 001 | batch 056: len: tensor([ 729,  855,  954,  803, 1117, 1030])
	 * loss = (RC: 5.3006, VQ: 0.0084, step = 57 time_elapsed = 75.25 secs
 -- epoch 001 | batch 057: len: tensor([ 809, 1045,  779,  817,  985, 1068])
	 * loss = (RC: 5.2900, VQ: 0.0082, step = 58 time_elapsed = 76.14 secs
 -- epoch 001 | batch 058: len: tensor([ 941,  923, 1280, 1280,  892, 1280])
	 * loss = (RC: 5.2772, VQ: 0.0081, step = 59 time_elapsed = 77.05 secs
 -- epoch 001 | batch 059: len: tensor([ 848,  978,  713,  879, 1160, 1067])
	 * loss = (RC: 5.2668, VQ: 0.0079, step = 60 time_elapsed = 77.95 secs
 -- epoch 001 | batch 060: len: tensor([1280,  855, 1280,  706,  727,  478])
	 * loss = (RC: 5.2537, VQ: 0.0079, step = 61 time_elapsed = 78.84 secs
 -- epoch 001 | batch 061: len: tensor([1280,  569, 1280,  664,  803,  701])
	 * loss = (RC: 5.2438, VQ: 0.0076, step = 62 time_elapsed = 79.73 secs
 -- epoch 001 | batch 062: len: tensor([ 803,  927,  725,  695,  854, 1101])
	 * loss = (RC: 5.2320, VQ: 0.0074, step = 63 time_elapsed = 80.63 secs
 -- epoch 001 | batch 063: len: tensor([ 641,  482,  900, 1280, 1280, 1115])
	 * loss = (RC: 5.2213, VQ: 0.0074, step = 64 time_elapsed = 81.52 secs
 -- epoch 001 | batch 064: len: tensor([ 933,  805,  976, 1099, 1046, 1111])
	 * loss = (RC: 5.2096, VQ: 0.0069, step = 65 time_elapsed = 82.41 secs
 -- epoch 001 | batch 065: len: tensor([1280, 1225,  765, 1280,  857, 1280])
	 * loss = (RC: 5.1967, VQ: 0.0069, step = 66 time_elapsed = 83.32 secs
 -- epoch 001 | batch 066: len: tensor([1280,  839, 1088, 1280,  722,  844])
	 * loss = (RC: 5.1847, VQ: 0.0069, step = 67 time_elapsed = 84.23 secs
 -- epoch 001 | batch 067: len: tensor([ 746,  790,  754, 1280,  936, 1127])
	 * loss = (RC: 5.1743, VQ: 0.0069, step = 68 time_elapsed = 85.13 secs
 -- epoch 001 | batch 068: len: tensor([1280, 1048, 1280,  644, 1158,  761])
	 * loss = (RC: 5.1627, VQ: 0.0066, step = 69 time_elapsed = 86.02 secs
 -- epoch 001 | batch 069: len: tensor([1125, 1280,  799, 1022,  870, 1027])
	 * loss = (RC: 5.1501, VQ: 0.0066, step = 70 time_elapsed = 86.92 secs
 -- epoch 001 | batch 070: len: tensor([ 742, 1013, 1280,  982,  885, 1067])
	 * loss = (RC: 5.1378, VQ: 0.0065, step = 71 time_elapsed = 87.82 secs
 -- epoch 001 | batch 071: len: tensor([1280, 1235, 1031,  828, 1175,  802])
	 * loss = (RC: 5.1277, VQ: 0.0064, step = 72 time_elapsed = 88.71 secs
 -- epoch 001 | batch 072: len: tensor([1096, 1104, 1280,  994,  833, 1251])
	 * loss = (RC: 5.1159, VQ: 0.0063, step = 73 time_elapsed = 89.60 secs
 -- epoch 001 | batch 073: len: tensor([1081,  736, 1280, 1056,  907, 1280])
	 * loss = (RC: 5.1038, VQ: 0.0062, step = 74 time_elapsed = 90.50 secs
 -- epoch 001 | batch 074: len: tensor([1280,  913, 1048, 1280,  486, 1280])
	 * loss = (RC: 5.0920, VQ: 0.0062, step = 75 time_elapsed = 91.39 secs
 -- epoch 001 | batch 075: len: tensor([1169,  765,  849, 1186,  861, 1097])
	 * loss = (RC: 5.0823, VQ: 0.0061, step = 76 time_elapsed = 92.30 secs
 -- epoch 001 | batch 076: len: tensor([ 867, 1200, 1198, 1103, 1032, 1280])
	 * loss = (RC: 5.0694, VQ: 0.0058, step = 77 time_elapsed = 93.19 secs
 -- epoch 001 | batch 077: len: tensor([ 799,  827, 1062, 1280, 1280, 1068])
	 * loss = (RC: 5.0583, VQ: 0.0058, step = 78 time_elapsed = 94.09 secs
 -- epoch 001 | batch 078: len: tensor([ 866, 1280, 1156,  846,  764, 1164])
	 * loss = (RC: 5.0474, VQ: 0.0057, step = 79 time_elapsed = 95.00 secs
 -- epoch 001 | batch 079: len: tensor([ 735, 1140,  903,  841, 1280, 1044])
	 * loss = (RC: 5.0404, VQ: 0.0059, step = 80 time_elapsed = 95.90 secs
 -- epoch 001 | batch 080: len: tensor([1018, 1280,  746, 1280, 1280,  937])
	 * loss = (RC: 5.0291, VQ: 0.0056, step = 81 time_elapsed = 96.80 secs
 -- epoch 001 | batch 081: len: tensor([1094,  991, 1192,  776,  985, 1280])
	 * loss = (RC: 5.0199, VQ: 0.0056, step = 82 time_elapsed = 97.69 secs
 -- epoch 001 | batch 082: len: tensor([1100,  839,  491,  935, 1126, 1142])
	 * loss = (RC: 5.0107, VQ: 0.0056, step = 83 time_elapsed = 98.59 secs
 -- epoch 001 | batch 083: len: tensor([1269, 1009,  912, 1280,  996, 1280])
	 * loss = (RC: 5.0000, VQ: 0.0054, step = 84 time_elapsed = 99.48 secs
 -- epoch 001 | batch 084: len: tensor([ 791, 1033, 1280, 1253,  731,  940])
	 * loss = (RC: 4.9888, VQ: 0.0055, step = 85 time_elapsed = 100.38 secs
 -- epoch 001 | batch 085: len: tensor([1256,  887,  769,  744, 1192,  689])
	 * loss = (RC: 4.9803, VQ: 0.0053, step = 86 time_elapsed = 101.28 secs
 -- epoch 001 | batch 086: len: tensor([ 955,  797,  715, 1006,  914, 1280])
	 * loss = (RC: 4.9733, VQ: 0.0053, step = 87 time_elapsed = 102.18 secs
 -- epoch 001 | batch 087: len: tensor([1199, 1260,  864, 1280, 1147, 1280])
	 * loss = (RC: 4.9631, VQ: 0.0053, step = 88 time_elapsed = 103.09 secs
 -- epoch 001 | batch 088: len: tensor([1084, 1186, 1012,  920,  773, 1043])
	 * loss = (RC: 4.9537, VQ: 0.0052, step = 89 time_elapsed = 103.99 secs
 -- epoch 001 | batch 089: len: tensor([1264,  955, 1221,  415,  881,  775])
	 * loss = (RC: 4.9466, VQ: 0.0054, step = 90 time_elapsed = 104.89 secs
 -- epoch 001 | batch 090: len: tensor([ 936, 1280,  742, 1027,  924,  767])
	 * loss = (RC: 4.9381, VQ: 0.0051, step = 91 time_elapsed = 105.82 secs
 -- epoch 001 | batch 091: len: tensor([ 569, 1280, 1063,  817, 1139, 1057])
	 * loss = (RC: 4.9280, VQ: 0.0051, step = 92 time_elapsed = 106.73 secs
 -- epoch 001 | batch 092: len: tensor([1032,  789, 1191,  647, 1280,  622])
	 * loss = (RC: 4.9200, VQ: 0.0049, step = 93 time_elapsed = 107.62 secs
 -- epoch 001 | batch 093: len: tensor([1149, 1072, 1280,  757,  938, 1055])
	 * loss = (RC: 4.9105, VQ: 0.0049, step = 94 time_elapsed = 108.52 secs
 -- epoch 001 | batch 094: len: tensor([ 882, 1280, 1220,  853,  804,  952])
	 * loss = (RC: 4.9036, VQ: 0.0048, step = 95 time_elapsed = 109.43 secs
 -- epoch 001 | batch 095: len: tensor([1280,  691, 1280, 1280,  923, 1261])
	 * loss = (RC: 4.8949, VQ: 0.0049, step = 96 time_elapsed = 110.33 secs
 -- epoch 001 | batch 096: len: tensor([886, 844, 840, 905, 740, 647])
	 * loss = (RC: 4.8916, VQ: 0.0048, step = 97 time_elapsed = 111.22 secs
 -- epoch 001 | batch 097: len: tensor([ 647, 1141, 1280, 1011,  771,  940])
	 * loss = (RC: 4.8837, VQ: 0.0048, step = 98 time_elapsed = 112.11 secs
 -- epoch 001 | batch 098: len: tensor([ 753,  800,  573, 1280, 1048,  850])
	 * loss = (RC: 4.8771, VQ: 0.0048, step = 99 time_elapsed = 113.01 secs
 -- epoch 001 | batch 099: len: tensor([ 877,  602,  767, 1280,  802,  822])
	 * loss = (RC: 4.8707, VQ: 0.0048, step = 100 time_elapsed = 113.92 secs
[info] validating ...
[round 1]
[round 2]
[round 3]
[round 4]
[round 5]
[round 6]
[round 7]
[round 8]
 -- epoch 001 | batch 100: len: tensor([1184, 1112, 1278, 1280, 1166, 1108])
	 * loss = (RC: 4.8615, VQ: 0.0047, step = 101 time_elapsed = 137.12 secs
 -- epoch 001 | batch 101: len: tensor([ 981, 1116, 1280, 1114, 1098,  671])
	 * loss = (RC: 4.8533, VQ: 0.0047, step = 102 time_elapsed = 138.02 secs
 -- epoch 001 | batch 102: len: tensor([ 955, 1280,  661,  966, 1224,  983])
	 * loss = (RC: 4.8461, VQ: 0.0045, step = 103 time_elapsed = 138.92 secs
 -- epoch 001 | batch 103: len: tensor([600, 745, 500, 932, 844, 861])
	 * loss = (RC: 4.8445, VQ: 0.0047, step = 104 time_elapsed = 139.81 secs
 -- epoch 001 | batch 104: len: tensor([1280, 1000, 1257,  726, 1104,  903])
	 * loss = (RC: 4.8306, VQ: 0.0046, step = 105 time_elapsed = 140.71 secs
 -- epoch 001 | batch 105: len: tensor([ 839,  735, 1243, 1142,  916, 1177])
	 * loss = (RC: 4.8246, VQ: 0.0045, step = 106 time_elapsed = 141.61 secs
 -- epoch 001 | batch 106: len: tensor([ 853, 1237,  534,  967, 1122, 1041])
	 * loss = (RC: 4.8163, VQ: 0.0045, step = 107 time_elapsed = 142.51 secs
 -- epoch 001 | batch 107: len: tensor([1174,  928,  870,  777, 1065, 1280])
	 * loss = (RC: 4.8100, VQ: 0.0045, step = 108 time_elapsed = 143.40 secs
 -- epoch 001 | batch 108: len: tensor([ 943,  751,  416, 1112,  590, 1100])
	 * loss = (RC: 4.8021, VQ: 0.0046, step = 109 time_elapsed = 144.30 secs
 -- epoch 001 | batch 109: len: tensor([1280, 1031, 1007, 1280,  629,  939])
	 * loss = (RC: 4.7900, VQ: 0.0046, step = 110 time_elapsed = 145.20 secs
 -- epoch 001 | batch 110: len: tensor([ 554,  794,  759, 1280, 1111,  609])
	 * loss = (RC: 4.7786, VQ: 0.0045, step = 111 time_elapsed = 146.11 secs
 -- epoch 001 | batch 111: len: tensor([1155,  900,  929,  930,  622, 1020])
	 * loss = (RC: 4.7649, VQ: 0.0045, step = 112 time_elapsed = 147.01 secs
 -- epoch 001 | batch 112: len: tensor([ 813, 1280, 1203,  936, 1206, 1101])
	 * loss = (RC: 4.7543, VQ: 0.0044, step = 113 time_elapsed = 147.91 secs
 -- epoch 001 | batch 113: len: tensor([1280,  805,  975,  822, 1191,  906])
	 * loss = (RC: 4.7440, VQ: 0.0045, step = 114 time_elapsed = 148.82 secs
 -- epoch 001 | batch 114: len: tensor([ 659,  880, 1006,  703,  804, 1280])
	 * loss = (RC: 4.7340, VQ: 0.0047, step = 115 time_elapsed = 149.72 secs
 -- epoch 001 | batch 115: len: tensor([ 804,  921,  803, 1280, 1138, 1280])
	 * loss = (RC: 4.7171, VQ: 0.0045, step = 116 time_elapsed = 150.63 secs
 -- epoch 001 | batch 116: len: tensor([1020])
	 * loss = (RC: 4.7048, VQ: 0.0047, step = 117 time_elapsed = 150.82 secs
[epoch 001] training completed
  -- loss = (RC: 4.7048 | VQ: 0.0076
  -- time elapsed = 152.37 secs.
