[preparing data] now at #0
[preparing data] now at #200
[preparing data] now at #400
[preparing data] now at #600
[sampled pieces] [1]
[info] writing to ... generations/1234vqvae10/id1_bar17_orig
[info] piece: 1, bar: 17
[info] writing to ... generations/1234vqvae10/id1_bar17_sample01_poly+0_rhym+0
[info] rhythm cls: tensor([6, 5, 5, 5, 5, 5, 5, 5, 5, 5, 5, 5, 4, 5, 5, 5, 5, 5, 5, 5, 6, 5, 5, 5,
        6, 5, 5, 5, 5, 5, 5, 5], device='cuda:0') | polyph_cls: tensor([6, 5, 7, 6, 5, 5, 6, 5, 6, 3, 6, 5, 5, 6, 5, 1, 5, 6, 5, 4, 6, 6, 5, 4,
        6, 5, 5, 5, 5, 5, 5, 5], device='cuda:0')
[info] generated 1 bars, #events = 52
[info] generated 2 bars, #events = 107
[info] generated 3 bars, #events = 170
[info] generated 4 bars, #events = 260
[info] generated 5 bars, #events = 348
[info] generated 6 bars, #events = 425
[info] generated 7 bars, #events = 482
[info] generated 8 bars, #events = 553
[info] generated 9 bars, #events = 619
[info] generated 10 bars, #events = 665
[info] generated 11 bars, #events = 765
[info] generated 12 bars, #events = 818
[info] generated 13 bars, #events = 853
[info] position not increasing, failed cnt: 1
[info] generated 14 bars, #events = 931
[info] generated 15 bars, #events = 1008
[info] generated 16 bars, #events = 1080
[info] generated 17 bars, #events = 1139
[info] generated 18 bars, #events = 1207
[info] generated 19 bars, #events = 1243
[info] position not increasing, failed cnt: 1
[info] position not increasing, failed cnt: 2
[info] position not increasing, failed cnt: 3
[info] position not increasing, failed cnt: 4
[info] position not increasing, failed cnt: 5
[info] position not increasing, failed cnt: 6
[info] position not increasing, failed cnt: 7
[info] position not increasing, failed cnt: 8
[info] position not increasing, failed cnt: 9
[info] position not increasing, failed cnt: 10
[info] position not increasing, failed cnt: 11
[info] position not increasing, failed cnt: 12
[info] position not increasing, failed cnt: 13
[info] position not increasing, failed cnt: 14
[info] position not increasing, failed cnt: 1
[info] position not increasing, failed cnt: 2
[info] position not increasing, failed cnt: 3
[info] position not increasing, failed cnt: 4
[info] position not increasing, failed cnt: 5
[info] position not increasing, failed cnt: 6
[info] position not increasing, failed cnt: 7
[info] position not increasing, failed cnt: 8
[info] position not increasing, failed cnt: 9
[info] position not increasing, failed cnt: 10
[info] position not increasing, failed cnt: 11
[info] position not increasing, failed cnt: 12
[info] generated 20 bars, #events = 1388
[info] generated 21 bars, #events = 1414
[info] generated 22 bars, #events = 1425
[info] position not increasing, failed cnt: 1
[info] position not increasing, failed cnt: 1
[info] position not increasing, failed cnt: 1
[info] generated 23 bars, #events = 1506
[info] generated 24 bars, #events = 1523
[info] position not increasing, failed cnt: 1
[info] position not increasing, failed cnt: 2
[info] position not increasing, failed cnt: 3
[info] position not increasing, failed cnt: 4
[info] position not increasing, failed cnt: 5
[info] position not increasing, failed cnt: 6
[info] position not increasing, failed cnt: 7
[info] position not increasing, failed cnt: 8
[info] generated 25 bars, #events = 1570
[info] position not increasing, failed cnt: 1
[info] position not increasing, failed cnt: 1
[info] position not increasing, failed cnt: 2
[info] position not increasing, failed cnt: 1
[info] position not increasing, failed cnt: 2
[info] position not increasing, failed cnt: 3
[info] position not increasing, failed cnt: 4
[info] position not increasing, failed cnt: 5
[info] generated 26 bars, #events = 1638
[info] generated 27 bars, #events = 1663
[info] position not increasing, failed cnt: 1
[info] generated 28 bars, #events = 1693
[info] position not increasing, failed cnt: 1
[info] position not increasing, failed cnt: 2
[info] position not increasing, failed cnt: 3
[info] position not increasing, failed cnt: 4
[info] position not increasing, failed cnt: 5
[info] position not increasing, failed cnt: 1
[info] position not increasing, failed cnt: 1
[info] position not increasing, failed cnt: 2
[info] position not increasing, failed cnt: 3
[info] position not increasing, failed cnt: 4
[info] generated 29 bars, #events = 1866
[info] generated 30 bars, #events = 1896
[info] generated 31 bars, #events = 1914
[info] position not increasing, failed cnt: 1
[info] position not increasing, failed cnt: 2
[info] generated 32 bars, #events = 1956
-- generated events: 1957
-- time elapsed: 44.17 secs
[info] piece entropy: 3.0309 (+/- 0.7486)
[info] piece: 1, bar: 17
[info] writing to ... generations/1234vqvae10/id1_bar17_sample02_poly+0_rhym+0
[info] rhythm cls: tensor([6, 5, 5, 5, 5, 5, 5, 5, 5, 5, 5, 5, 4, 5, 5, 5, 5, 5, 5, 5, 6, 5, 5, 5,
        6, 5, 5, 5, 5, 5, 5, 5], device='cuda:0') | polyph_cls: tensor([6, 5, 7, 6, 5, 5, 6, 5, 6, 3, 6, 5, 5, 6, 5, 1, 5, 6, 5, 4, 6, 6, 5, 4,
        6, 5, 5, 5, 5, 5, 5, 5], device='cuda:0')
[info] generated 1 bars, #events = 69
[info] generated 2 bars, #events = 106
[info] generated 3 bars, #events = 180
[info] generated 4 bars, #events = 235
[info] generated 5 bars, #events = 293
[info] generated 6 bars, #events = 364
[info] generated 7 bars, #events = 422
[info] generated 8 bars, #events = 477
[info] generated 9 bars, #events = 536
[info] generated 10 bars, #events = 587
[info] generated 11 bars, #events = 671
[info] position not increasing, failed cnt: 1
[info] generated 12 bars, #events = 738
[info] generated 13 bars, #events = 788
[info] generated 14 bars, #events = 845
[info] generated 15 bars, #events = 893
[info] generated 16 bars, #events = 926
[info] generated 17 bars, #events = 978
[info] position not increasing, failed cnt: 1
[info] generated 18 bars, #events = 1035
[info] position not increasing, failed cnt: 1
[info] generated 19 bars, #events = 1094
[info] generated 20 bars, #events = 1161
[info] position not increasing, failed cnt: 1
[info] position not increasing, failed cnt: 1
[info] position not increasing, failed cnt: 2
[info] position not increasing, failed cnt: 3
[info] position not increasing, failed cnt: 4
[info] position not increasing, failed cnt: 5
[info] position not increasing, failed cnt: 6
[info] position not increasing, failed cnt: 7
[info] position not increasing, failed cnt: 8
[info] position not increasing, failed cnt: 9
[info] position not increasing, failed cnt: 10
[info] position not increasing, failed cnt: 11
[info] position not increasing, failed cnt: 12
[info] position not increasing, failed cnt: 13
[info] position not increasing, failed cnt: 14
[info] position not increasing, failed cnt: 15
[info] position not increasing, failed cnt: 16
[info] position not increasing, failed cnt: 17
[info] position not increasing, failed cnt: 18
[info] position not increasing, failed cnt: 19
[info] position not increasing, failed cnt: 20
[info] position not increasing, failed cnt: 21
[info] position not increasing, failed cnt: 22
[info] position not increasing, failed cnt: 23
[info] position not increasing, failed cnt: 24
[info] position not increasing, failed cnt: 25
[info] position not increasing, failed cnt: 26
[info] position not increasing, failed cnt: 27
[info] position not increasing, failed cnt: 28
[info] position not increasing, failed cnt: 29
[info] position not increasing, failed cnt: 30
[info] position not increasing, failed cnt: 31
[info] position not increasing, failed cnt: 32
[info] position not increasing, failed cnt: 33
[info] position not increasing, failed cnt: 34
[info] position not increasing, failed cnt: 35
[info] position not increasing, failed cnt: 36
[info] position not increasing, failed cnt: 37
[info] position not increasing, failed cnt: 38
[info] position not increasing, failed cnt: 39
[info] position not increasing, failed cnt: 40
[info] position not increasing, failed cnt: 41
[info] position not increasing, failed cnt: 42
[info] position not increasing, failed cnt: 43
[info] position not increasing, failed cnt: 44
[info] position not increasing, failed cnt: 45
[info] position not increasing, failed cnt: 46
[info] position not increasing, failed cnt: 47
[info] generated 21 bars, #events = 1241
[info] position not increasing, failed cnt: 1
[info] position not increasing, failed cnt: 2
[info] position not increasing, failed cnt: 1
[info] position not increasing, failed cnt: 1
[info] position not increasing, failed cnt: 2
[info] position not increasing, failed cnt: 3
[info] position not increasing, failed cnt: 4
[info] position not increasing, failed cnt: 5
[info] position not increasing, failed cnt: 6
[info] position not increasing, failed cnt: 7
[info] position not increasing, failed cnt: 8
[info] position not increasing, failed cnt: 9
[info] position not increasing, failed cnt: 1
[info] position not increasing, failed cnt: 2
[info] position not increasing, failed cnt: 3
[info] position not increasing, failed cnt: 1
[info] position not increasing, failed cnt: 2
[info] position not increasing, failed cnt: 3
[info] position not increasing, failed cnt: 4
[info] position not increasing, failed cnt: 5
[info] position not increasing, failed cnt: 6
[info] position not increasing, failed cnt: 7
[info] position not increasing, failed cnt: 8
[info] position not increasing, failed cnt: 9
[info] position not increasing, failed cnt: 10
[info] position not increasing, failed cnt: 11
[info] position not increasing, failed cnt: 12
[info] position not increasing, failed cnt: 13
[info] position not increasing, failed cnt: 14
[info] position not increasing, failed cnt: 15
[info] generated 22 bars, #events = 1375
[info] position not increasing, failed cnt: 1
[info] position not increasing, failed cnt: 2
[info] position not increasing, failed cnt: 3
[info] position not increasing, failed cnt: 4
[info] position not increasing, failed cnt: 5
[info] position not increasing, failed cnt: 6
[info] position not increasing, failed cnt: 7
[info] position not increasing, failed cnt: 8
[info] position not increasing, failed cnt: 9
[info] position not increasing, failed cnt: 10
[info] position not increasing, failed cnt: 11
[info] position not increasing, failed cnt: 12
[info] position not increasing, failed cnt: 13
[info] position not increasing, failed cnt: 14
[info] position not increasing, failed cnt: 15
[info] position not increasing, failed cnt: 1
[info] position not increasing, failed cnt: 2
[info] generated 23 bars, #events = 1455
[info] generated 24 bars, #events = 1464
[info] generated 25 bars, #events = 1505
[info] position not increasing, failed cnt: 1
[info] position not increasing, failed cnt: 2
[info] position not increasing, failed cnt: 3
[info] position not increasing, failed cnt: 4
[info] position not increasing, failed cnt: 5
[info] position not increasing, failed cnt: 6
[info] position not increasing, failed cnt: 7
[info] position not increasing, failed cnt: 1
[info] position not increasing, failed cnt: 2
[info] generated 26 bars, #events = 1583
[info] position not increasing, failed cnt: 1
[info] position not increasing, failed cnt: 1
[info] position not increasing, failed cnt: 2
[info] position not increasing, failed cnt: 3
[info] position not increasing, failed cnt: 4
[info] generated 27 bars, #events = 1628
[info] position not increasing, failed cnt: 1
[info] position not increasing, failed cnt: 2
[info] position not increasing, failed cnt: 3
[info] position not increasing, failed cnt: 4
[info] position not increasing, failed cnt: 5
[info] position not increasing, failed cnt: 6
[info] position not increasing, failed cnt: 7
[info] position not increasing, failed cnt: 8
[info] position not increasing, failed cnt: 9
[info] position not increasing, failed cnt: 10
[info] position not increasing, failed cnt: 11
[info] generated 28 bars, #events = 1689
[info] position not increasing, failed cnt: 1
[info] position not increasing, failed cnt: 2
[info] position not increasing, failed cnt: 3
[info] position not increasing, failed cnt: 4
[info] position not increasing, failed cnt: 5
[info] position not increasing, failed cnt: 6
[info] position not increasing, failed cnt: 7
[info] position not increasing, failed cnt: 8
[info] position not increasing, failed cnt: 9
[info] position not increasing, failed cnt: 10
[info] position not increasing, failed cnt: 11
[info] generated 29 bars, #events = 1779
[info] position not increasing, failed cnt: 1
[info] position not increasing, failed cnt: 1
[info] position not increasing, failed cnt: 2
[info] position not increasing, failed cnt: 3
[info] position not increasing, failed cnt: 4
[info] position not increasing, failed cnt: 5
[info] position not increasing, failed cnt: 6
[info] position not increasing, failed cnt: 7
[info] position not increasing, failed cnt: 8
[info] position not increasing, failed cnt: 9
[info] position not increasing, failed cnt: 10
[info] position not increasing, failed cnt: 11
[info] position not increasing, failed cnt: 1
[info] position not increasing, failed cnt: 2
[info] position not increasing, failed cnt: 3
[info] position not increasing, failed cnt: 4
[info] position not increasing, failed cnt: 5
[info] position not increasing, failed cnt: 1
[info] position not increasing, failed cnt: 2
[info] position not increasing, failed cnt: 1
[info] position not increasing, failed cnt: 2
[info] position not increasing, failed cnt: 3
[info] position not increasing, failed cnt: 4
[info] position not increasing, failed cnt: 5
[info] position not increasing, failed cnt: 6
[info] position not increasing, failed cnt: 7
[info] position not increasing, failed cnt: 8
[info] position not increasing, failed cnt: 9
[info] position not increasing, failed cnt: 10
[info] position not increasing, failed cnt: 1
[info] generated 30 bars, #events = 2023
[info] position not increasing, failed cnt: 1
[info] position not increasing, failed cnt: 2
[info] reset context length: cur_len: 2048, accumulated_len: 2048, truncate_range: 1536 ~ 2047
[info] generated 31 bars, #events = 2053
[info] generated 32 bars, #events = 2129
-- generated events: 2130
-- time elapsed: 53.13 secs
[info] piece entropy: 3.0173 (+/- 0.7410)
[time stats] 4 songs, generation time: 48.65 secs (+/- 4.48)
[entropy] 3.0241 (+/- 0.0068)
