[preparing data] now at #0
[preparing data] now at #200
[preparing data] now at #400
[preparing data] now at #600
[sampled pieces] [668, 24, 28, 687, 160, 123, 113, 497, 168, 316]
[info] writing to ... generations/123vqvae10/id668_bar42_orig
[info] piece: 73, bar: 42
[info] writing to ... generations/123vqvae10/id668_bar42_sample01_poly+1_rhym-2
[info] rhythm cls: tensor([0, 5, 2, 0, 3, 1, 1, 5, 3, 0, 5, 4, 5, 4, 5, 4, 5, 5, 0, 5, 0, 5, 2, 0,
        3, 1, 0, 5, 3, 0, 0, 0], device='cuda:0') | polyph_cls: tensor([7, 7, 7, 5, 7, 7, 7, 7, 7, 6, 7, 7, 6, 6, 7, 7, 7, 7, 7, 7, 7, 7, 7, 5,
        7, 7, 7, 7, 7, 6, 5, 4], device='cuda:0')
[info] generated 1 bars, #events = 57
[info] generated 2 bars, #events = 258
[info] generated 3 bars, #events = 316
[info] generated 4 bars, #events = 344
[info] generated 5 bars, #events = 408
[info] generated 6 bars, #events = 449
[info] generated 7 bars, #events = 494
[info] position not increasing, failed cnt: 1
[info] generated 8 bars, #events = 582
[info] generated 9 bars, #events = 695
[info] generated 10 bars, #events = 733
[info] generated 11 bars, #events = 787
[info] generated 12 bars, #events = 830
[info] generated 13 bars, #events = 881
[info] position not increasing, failed cnt: 1
[info] position not increasing, failed cnt: 2
[info] position not increasing, failed cnt: 3
[info] position not increasing, failed cnt: 4
[info] position not increasing, failed cnt: 5
[info] position not increasing, failed cnt: 6
[info] position not increasing, failed cnt: 7
[info] position not increasing, failed cnt: 8
[info] position not increasing, failed cnt: 9
[info] generated 14 bars, #events = 942
[info] generated 15 bars, #events = 1001
[info] generated 16 bars, #events = 1086
[info] generated 17 bars, #events = 1155
[info] generated 18 bars, #events = 1229
[info] generated 19 bars, #events = 1317
[info] position not increasing, failed cnt: 1
[info] position not increasing, failed cnt: 2
[info] position not increasing, failed cnt: 1
[info] position not increasing, failed cnt: 2
[info] position not increasing, failed cnt: 3
[info] position not increasing, failed cnt: 4
[info] position not increasing, failed cnt: 5
[info] position not increasing, failed cnt: 6
[info] position not increasing, failed cnt: 7
[info] position not increasing, failed cnt: 8
[info] position not increasing, failed cnt: 9
[info] position not increasing, failed cnt: 10
[info] position not increasing, failed cnt: 11
[info] position not increasing, failed cnt: 12
[info] position not increasing, failed cnt: 13
[info] position not increasing, failed cnt: 14
[info] generated 20 bars, #events = 1669
[info] generated 21 bars, #events = 1673
[info] position not increasing, failed cnt: 1
[info] position not increasing, failed cnt: 1
[info] position not increasing, failed cnt: 2
[info] position not increasing, failed cnt: 3
[info] position not increasing, failed cnt: 4
[info] position not increasing, failed cnt: 1
[info] position not increasing, failed cnt: 2
[info] position not increasing, failed cnt: 3
[info] position not increasing, failed cnt: 4
[info] position not increasing, failed cnt: 5
[info] position not increasing, failed cnt: 6
[info] position not increasing, failed cnt: 7
[info] position not increasing, failed cnt: 8
[info] position not increasing, failed cnt: 1
[info] reset context length: cur_len: 2048, accumulated_len: 2048, truncate_range: 1536 ~ 2047
[info] generated 22 bars, #events = 2050
[info] generated 23 bars, #events = 2131
[info] generated 24 bars, #events = 2214
[info] position not increasing, failed cnt: 1
[info] generated 25 bars, #events = 2385
[info] position not increasing, failed cnt: 1
[info] generated 26 bars, #events = 2485
[info] generated 27 bars, #events = 2543
[info] generated 28 bars, #events = 2694
[info] generated 29 bars, #events = 2816
[info] generated 30 bars, #events = 2892
[info] generated 31 bars, #events = 2907
[info] position not increasing, failed cnt: 1
[info] position not increasing, failed cnt: 2
[info] position not increasing, failed cnt: 1
[info] position not increasing, failed cnt: 2
[info] generated 32 bars, #events = 2977
-- generated events: 2978
-- time elapsed: 100.50 secs
[info] piece entropy: 3.1566 (+/- 0.8658)
[info] piece: 73, bar: 42
[info] writing to ... generations/123vqvae10/id668_bar42_sample02_poly-1_rhym+3
[info] rhythm cls: tensor([4, 7, 7, 5, 7, 6, 6, 7, 7, 4, 7, 7, 7, 7, 7, 7, 7, 7, 5, 7, 5, 7, 7, 5,
        7, 6, 5, 7, 7, 4, 3, 3], device='cuda:0') | polyph_cls: tensor([6, 5, 6, 3, 5, 5, 6, 6, 6, 4, 5, 5, 4, 4, 6, 6, 6, 6, 6, 6, 6, 5, 6, 3,
        6, 5, 6, 6, 6, 4, 3, 2], device='cuda:0')
[info] generated 1 bars, #events = 115
[info] position not increasing, failed cnt: 1
[info] generated 2 bars, #events = 275
[info] generated 3 bars, #events = 364
[info] generated 4 bars, #events = 429
[info] generated 5 bars, #events = 524
[info] generated 6 bars, #events = 622
[info] generated 7 bars, #events = 757
[info] generated 8 bars, #events = 804
[info] position not increasing, failed cnt: 1
[info] generated 9 bars, #events = 908
[info] generated 10 bars, #events = 966
[info] generated 11 bars, #events = 1034
[info] generated 12 bars, #events = 1101
[info] generated 13 bars, #events = 1153
[info] position not increasing, failed cnt: 1
[info] generated 14 bars, #events = 1214
[info] position not increasing, failed cnt: 1
[info] position not increasing, failed cnt: 2
[info] position not increasing, failed cnt: 1
[info] generated 15 bars, #events = 1327
[info] position not increasing, failed cnt: 1
[info] generated 16 bars, #events = 1376
[info] generated 17 bars, #events = 1391
[info] position not increasing, failed cnt: 1
[info] position not increasing, failed cnt: 2
[info] position not increasing, failed cnt: 3
[info] position not increasing, failed cnt: 1
[info] position not increasing, failed cnt: 1
[info] position not increasing, failed cnt: 2
[info] position not increasing, failed cnt: 3
[info] position not increasing, failed cnt: 4
[info] position not increasing, failed cnt: 1
[info] generated 18 bars, #events = 1496
[info] position not increasing, failed cnt: 1
[info] position not increasing, failed cnt: 2
[info] generated 19 bars, #events = 1512
[info] position not increasing, failed cnt: 1
[info] position not increasing, failed cnt: 1
[info] position not increasing, failed cnt: 1
[info] position not increasing, failed cnt: 2
[info] position not increasing, failed cnt: 3
[info] position not increasing, failed cnt: 4
[info] position not increasing, failed cnt: 1
[info] position not increasing, failed cnt: 2
[info] position not increasing, failed cnt: 3
[info] position not increasing, failed cnt: 1
[info] position not increasing, failed cnt: 2
[info] position not increasing, failed cnt: 3
[info] position not increasing, failed cnt: 4
[info] position not increasing, failed cnt: 5
[info] position not increasing, failed cnt: 6
[info] position not increasing, failed cnt: 7
[info] position not increasing, failed cnt: 8
[info] position not increasing, failed cnt: 9
[info] position not increasing, failed cnt: 10
[info] position not increasing, failed cnt: 11
[info] position not increasing, failed cnt: 12
[info] position not increasing, failed cnt: 13
[info] reset context length: cur_len: 2048, accumulated_len: 2048, truncate_range: 1536 ~ 2047
[info] position not increasing, failed cnt: 14
[info] position not increasing, failed cnt: 15
[info] position not increasing, failed cnt: 16
[info] position not increasing, failed cnt: 17
[info] position not increasing, failed cnt: 18
[info] position not increasing, failed cnt: 19
[info] position not increasing, failed cnt: 20
[info] position not increasing, failed cnt: 1
[info] generated 20 bars, #events = 2278
[info] generated 21 bars, #events = 2352
[info] generated 22 bars, #events = 2468
[info] generated 23 bars, #events = 2548
[info] position not increasing, failed cnt: 1
[info] generated 24 bars, #events = 2594
[info] generated 25 bars, #events = 2678
[info] position not increasing, failed cnt: 1
[info] generated 26 bars, #events = 2745
[info] position not increasing, failed cnt: 1
[info] generated 27 bars, #events = 2809
[info] position not increasing, failed cnt: 1
[info] position not increasing, failed cnt: 1
[info] position not increasing, failed cnt: 2
[info] position not increasing, failed cnt: 3
[info] position not increasing, failed cnt: 4
[info] position not increasing, failed cnt: 5
[info] position not increasing, failed cnt: 6
[info] position not increasing, failed cnt: 7
[info] position not increasing, failed cnt: 8
[info] position not increasing, failed cnt: 9
[info] position not increasing, failed cnt: 1
[info] position not increasing, failed cnt: 2
[info] position not increasing, failed cnt: 3
[info] position not increasing, failed cnt: 4
[info] position not increasing, failed cnt: 5
[info] position not increasing, failed cnt: 6
[info] position not increasing, failed cnt: 7
[info] position not increasing, failed cnt: 8
[info] position not increasing, failed cnt: 9
[info] position not increasing, failed cnt: 10
[info] position not increasing, failed cnt: 11
[info] position not increasing, failed cnt: 12
[info] position not increasing, failed cnt: 13
[info] position not increasing, failed cnt: 14
[info] position not increasing, failed cnt: 15
[info] position not increasing, failed cnt: 16
[info] position not increasing, failed cnt: 17
[info] position not increasing, failed cnt: 18
[info] position not increasing, failed cnt: 19
[info] position not increasing, failed cnt: 1
[info] position not increasing, failed cnt: 2
[info] position not increasing, failed cnt: 3
[info] position not increasing, failed cnt: 4
[info] position not increasing, failed cnt: 5
[info] position not increasing, failed cnt: 6
[info] position not increasing, failed cnt: 7
[info] position not increasing, failed cnt: 8
[info] position not increasing, failed cnt: 9
[info] position not increasing, failed cnt: 10
[info] position not increasing, failed cnt: 11
[info] position not increasing, failed cnt: 12
[info] position not increasing, failed cnt: 13
[info] position not increasing, failed cnt: 14
[info] position not increasing, failed cnt: 15
[info] position not increasing, failed cnt: 16
[info] position not increasing, failed cnt: 17
[info] position not increasing, failed cnt: 18
[info] position not increasing, failed cnt: 19
[info] position not increasing, failed cnt: 20
[info] position not increasing, failed cnt: 21
[info] position not increasing, failed cnt: 22
[info] position not increasing, failed cnt: 23
[info] position not increasing, failed cnt: 24
[info] position not increasing, failed cnt: 25
[info] position not increasing, failed cnt: 26
[info] position not increasing, failed cnt: 27
[info] position not increasing, failed cnt: 28
[info] position not increasing, failed cnt: 29
[info] position not increasing, failed cnt: 30
[info] position not increasing, failed cnt: 31
[info] position not increasing, failed cnt: 32
[info] position not increasing, failed cnt: 33
[info] position not increasing, failed cnt: 34
[info] position not increasing, failed cnt: 35
[info] position not increasing, failed cnt: 36
[info] position not increasing, failed cnt: 37
[info] position not increasing, failed cnt: 38
[info] position not increasing, failed cnt: 39
[info] position not increasing, failed cnt: 40
[info] position not increasing, failed cnt: 41
[info] position not increasing, failed cnt: 42
[info] position not increasing, failed cnt: 43
[info] reset context length: cur_len: 2048, accumulated_len: 3584, truncate_range: 1536 ~ 2047
[info] position not increasing, failed cnt: 44
[info] position not increasing, failed cnt: 45
[info] position not increasing, failed cnt: 46
[info] position not increasing, failed cnt: 47
[info] generated 28 bars, #events = 3627
[info] generated 29 bars, #events = 3763
[info] generated 30 bars, #events = 3854
[info] position not increasing, failed cnt: 1
[info] generated 31 bars, #events = 3905
[info] generated 32 bars, #events = 3961
-- generated events: 3962
-- time elapsed: 153.90 secs
[info] piece entropy: 3.0554 (+/- 0.8807)
[info] piece: 73, bar: 42
[info] writing to ... generations/123vqvae10/id668_bar42_sample03_poly-1_rhym+0
[info] rhythm cls: tensor([1, 7, 4, 2, 5, 3, 3, 7, 5, 1, 7, 6, 7, 6, 7, 6, 7, 7, 2, 7, 2, 7, 4, 2,
        5, 3, 2, 7, 5, 1, 0, 0], device='cuda:0') | polyph_cls: tensor([6, 5, 6, 3, 5, 5, 6, 6, 6, 4, 5, 5, 4, 4, 6, 6, 6, 6, 6, 6, 6, 5, 6, 3,
        6, 5, 6, 6, 6, 4, 3, 2], device='cuda:0')
[info] generated 1 bars, #events = 38
[info] position not increasing, failed cnt: 1
[info] position not increasing, failed cnt: 2
[info] position not increasing, failed cnt: 3
[info] position not increasing, failed cnt: 4
[info] position not increasing, failed cnt: 5
[info] position not increasing, failed cnt: 6
[info] position not increasing, failed cnt: 7
[info] position not increasing, failed cnt: 8
[info] position not increasing, failed cnt: 9
[info] position not increasing, failed cnt: 10
[info] position not increasing, failed cnt: 11
[info] position not increasing, failed cnt: 12
[info] position not increasing, failed cnt: 13
[info] position not increasing, failed cnt: 14
[info] position not increasing, failed cnt: 15
[info] position not increasing, failed cnt: 16
[info] position not increasing, failed cnt: 17
[info] position not increasing, failed cnt: 18
[info] generated 2 bars, #events = 539
[info] generated 3 bars, #events = 644
[info] generated 4 bars, #events = 724
[info] generated 5 bars, #events = 773
[info] generated 6 bars, #events = 877
[info] generated 7 bars, #events = 945
[info] generated 8 bars, #events = 1056
[info] generated 9 bars, #events = 1135
[info] generated 10 bars, #events = 1192
[info] position not increasing, failed cnt: 1
[info] generated 11 bars, #events = 1253
[info] position not increasing, failed cnt: 1
[info] generated 12 bars, #events = 1327
[info] position not increasing, failed cnt: 1
[info] position not increasing, failed cnt: 2
[info] position not increasing, failed cnt: 3
[info] position not increasing, failed cnt: 4
[info] position not increasing, failed cnt: 5
[info] position not increasing, failed cnt: 6
[info] position not increasing, failed cnt: 7
[info] position not increasing, failed cnt: 8
[info] position not increasing, failed cnt: 9
[info] position not increasing, failed cnt: 10
[info] position not increasing, failed cnt: 11
[info] position not increasing, failed cnt: 12
[info] position not increasing, failed cnt: 13
[info] position not increasing, failed cnt: 14
[info] position not increasing, failed cnt: 15
[info] position not increasing, failed cnt: 16
[info] position not increasing, failed cnt: 17
[info] position not increasing, failed cnt: 18
[info] position not increasing, failed cnt: 19
[info] position not increasing, failed cnt: 20
[info] position not increasing, failed cnt: 21
[info] position not increasing, failed cnt: 22
[info] position not increasing, failed cnt: 23
[info] position not increasing, failed cnt: 24
[info] position not increasing, failed cnt: 25
[info] position not increasing, failed cnt: 26
[info] position not increasing, failed cnt: 27
[info] position not increasing, failed cnt: 28
[info] position not increasing, failed cnt: 29
[info] position not increasing, failed cnt: 30
[info] position not increasing, failed cnt: 31
[info] position not increasing, failed cnt: 32
[info] position not increasing, failed cnt: 33
[info] position not increasing, failed cnt: 34
[info] position not increasing, failed cnt: 35
[info] position not increasing, failed cnt: 36
[info] position not increasing, failed cnt: 37
[info] position not increasing, failed cnt: 38
[info] position not increasing, failed cnt: 39
[info] position not increasing, failed cnt: 40
[info] position not increasing, failed cnt: 41
[info] position not increasing, failed cnt: 42
[info] position not increasing, failed cnt: 43
[info] position not increasing, failed cnt: 44
[info] position not increasing, failed cnt: 45
[info] position not increasing, failed cnt: 46
[info] position not increasing, failed cnt: 47
[info] position not increasing, failed cnt: 48
[info] position not increasing, failed cnt: 49
[info] position not increasing, failed cnt: 50
[info] position not increasing, failed cnt: 51
[info] position not increasing, failed cnt: 52
[info] position not increasing, failed cnt: 53
[info] position not increasing, failed cnt: 54
[info] position not increasing, failed cnt: 55
[info] position not increasing, failed cnt: 56
[info] position not increasing, failed cnt: 57
[info] position not increasing, failed cnt: 58
[info] position not increasing, failed cnt: 59
[info] position not increasing, failed cnt: 60
[info] position not increasing, failed cnt: 61
[info] position not increasing, failed cnt: 62
[info] position not increasing, failed cnt: 63
[info] position not increasing, failed cnt: 64
[info] position not increasing, failed cnt: 65
[info] position not increasing, failed cnt: 66
[info] position not increasing, failed cnt: 67
[info] position not increasing, failed cnt: 68
[info] position not increasing, failed cnt: 69
[info] position not increasing, failed cnt: 70
[info] position not increasing, failed cnt: 71
[info] position not increasing, failed cnt: 72
[info] position not increasing, failed cnt: 73
[info] position not increasing, failed cnt: 74
[info] position not increasing, failed cnt: 75
[info] position not increasing, failed cnt: 76
[info] position not increasing, failed cnt: 77
[info] position not increasing, failed cnt: 78
[info] position not increasing, failed cnt: 79
[info] position not increasing, failed cnt: 80
[info] position not increasing, failed cnt: 81
[info] position not increasing, failed cnt: 82
[info] position not increasing, failed cnt: 83
[info] position not increasing, failed cnt: 84
[info] position not increasing, failed cnt: 85
[info] position not increasing, failed cnt: 86
[info] position not increasing, failed cnt: 87
[info] position not increasing, failed cnt: 88
[info] position not increasing, failed cnt: 89
[info] position not increasing, failed cnt: 90
[info] position not increasing, failed cnt: 91
[info] position not increasing, failed cnt: 92
[info] position not increasing, failed cnt: 93
[info] position not increasing, failed cnt: 94
[info] position not increasing, failed cnt: 95
[info] position not increasing, failed cnt: 96
[info] position not increasing, failed cnt: 97
[info] position not increasing, failed cnt: 98
[info] position not increasing, failed cnt: 99
[info] position not increasing, failed cnt: 100
[info] position not increasing, failed cnt: 101
[info] position not increasing, failed cnt: 102
[info] position not increasing, failed cnt: 103
[info] position not increasing, failed cnt: 104
[info] position not increasing, failed cnt: 1
[info] position not increasing, failed cnt: 2
[info] position not increasing, failed cnt: 3
[info] position not increasing, failed cnt: 4
[info] position not increasing, failed cnt: 5
[info] position not increasing, failed cnt: 6
[info] position not increasing, failed cnt: 7
[info] position not increasing, failed cnt: 8
[info] position not increasing, failed cnt: 9
[info] position not increasing, failed cnt: 10
[info] position not increasing, failed cnt: 11
[info] position not increasing, failed cnt: 12
[info] position not increasing, failed cnt: 13
[info] position not increasing, failed cnt: 14
[info] position not increasing, failed cnt: 15
[info] position not increasing, failed cnt: 16
[info] position not increasing, failed cnt: 17
[info] position not increasing, failed cnt: 18
[info] position not increasing, failed cnt: 19
[info] position not increasing, failed cnt: 20
[info] position not increasing, failed cnt: 21
[info] position not increasing, failed cnt: 22
[info] position not increasing, failed cnt: 23
[info] position not increasing, failed cnt: 24
[info] position not increasing, failed cnt: 25
[info] position not increasing, failed cnt: 26
[info] position not increasing, failed cnt: 27
[info] position not increasing, failed cnt: 28
[info] position not increasing, failed cnt: 29
[info] generated 13 bars, #events = 1639
[info] position not increasing, failed cnt: 1
[info] position not increasing, failed cnt: 2
[info] position not increasing, failed cnt: 3
[info] position not increasing, failed cnt: 4
[info] position not increasing, failed cnt: 5
[info] position not increasing, failed cnt: 6
[info] position not increasing, failed cnt: 7
[info] position not increasing, failed cnt: 8
[info] position not increasing, failed cnt: 9
[info] position not increasing, failed cnt: 10
[info] position not increasing, failed cnt: 1
[info] position not increasing, failed cnt: 2
[info] position not increasing, failed cnt: 3
[info] position not increasing, failed cnt: 4
[info] position not increasing, failed cnt: 5
[info] position not increasing, failed cnt: 6
[info] position not increasing, failed cnt: 7
[info] position not increasing, failed cnt: 8
[info] position not increasing, failed cnt: 9
[info] position not increasing, failed cnt: 10
[info] position not increasing, failed cnt: 11
[info] generated 14 bars, #events = 1804
[info] position not increasing, failed cnt: 1
[info] position not increasing, failed cnt: 2
[info] position not increasing, failed cnt: 3
[info] position not increasing, failed cnt: 4
[info] position not increasing, failed cnt: 5
[info] position not increasing, failed cnt: 6
[info] position not increasing, failed cnt: 7
[info] position not increasing, failed cnt: 8
[info] position not increasing, failed cnt: 9
[info] position not increasing, failed cnt: 10
[info] position not increasing, failed cnt: 11
[info] position not increasing, failed cnt: 12
[info] position not increasing, failed cnt: 13
[info] position not increasing, failed cnt: 14
[info] position not increasing, failed cnt: 15
[info] position not increasing, failed cnt: 16
[info] position not increasing, failed cnt: 17
[info] position not increasing, failed cnt: 18
[info] position not increasing, failed cnt: 19
[info] position not increasing, failed cnt: 20
[info] position not increasing, failed cnt: 21
[info] position not increasing, failed cnt: 22
[info] position not increasing, failed cnt: 23
[info] position not increasing, failed cnt: 24
[info] position not increasing, failed cnt: 25
[info] position not increasing, failed cnt: 26
[info] position not increasing, failed cnt: 1
[info] position not increasing, failed cnt: 2
[info] position not increasing, failed cnt: 3
[info] position not increasing, failed cnt: 4
[info] position not increasing, failed cnt: 5
[info] position not increasing, failed cnt: 6
[info] position not increasing, failed cnt: 7
[info] position not increasing, failed cnt: 8
[info] position not increasing, failed cnt: 9
[info] position not increasing, failed cnt: 10
[info] position not increasing, failed cnt: 11
[info] position not increasing, failed cnt: 1
[info] reset context length: cur_len: 2048, accumulated_len: 2048, truncate_range: 1536 ~ 2047
[info] generated 15 bars, #events = 2050
[info] generated 16 bars, #events = 2254
[info] generated 17 bars, #events = 2414
[info] generated 18 bars, #events = 2547
[info] generated 19 bars, #events = 2618
[info] position not increasing, failed cnt: 1
[info] position not increasing, failed cnt: 1
[info] position not increasing, failed cnt: 2
[info] position not increasing, failed cnt: 3
[info] position not increasing, failed cnt: 4
[info] position not increasing, failed cnt: 1
[info] generated 20 bars, #events = 2892
[info] position not increasing, failed cnt: 1
[info] position not increasing, failed cnt: 2
[info] position not increasing, failed cnt: 1
[info] position not increasing, failed cnt: 2
[info] position not increasing, failed cnt: 1
[info] position not increasing, failed cnt: 2
[info] position not increasing, failed cnt: 1
[info] position not increasing, failed cnt: 1
[info] position not increasing, failed cnt: 1
[info] position not increasing, failed cnt: 2
[info] position not increasing, failed cnt: 3
[info] position not increasing, failed cnt: 4
[info] position not increasing, failed cnt: 5
[info] generated 21 bars, #events = 3298
[info] position not increasing, failed cnt: 1
[info] position not increasing, failed cnt: 2
[info] position not increasing, failed cnt: 3
[info] position not increasing, failed cnt: 4
[info] position not increasing, failed cnt: 5
[info] position not increasing, failed cnt: 6
[info] position not increasing, failed cnt: 7
[info] position not increasing, failed cnt: 8
[info] position not increasing, failed cnt: 9
[info] position not increasing, failed cnt: 10
[info] position not increasing, failed cnt: 11
[info] position not increasing, failed cnt: 12
[info] position not increasing, failed cnt: 13
[info] position not increasing, failed cnt: 14
[info] position not increasing, failed cnt: 15
[info] position not increasing, failed cnt: 16
[info] position not increasing, failed cnt: 17
[info] position not increasing, failed cnt: 18
[info] position not increasing, failed cnt: 19
[info] position not increasing, failed cnt: 20
[info] position not increasing, failed cnt: 21
[info] position not increasing, failed cnt: 22
[info] position not increasing, failed cnt: 23
[info] position not increasing, failed cnt: 24
[info] position not increasing, failed cnt: 25
[info] position not increasing, failed cnt: 26
[info] position not increasing, failed cnt: 27
[info] position not increasing, failed cnt: 28
[info] position not increasing, failed cnt: 29
[info] position not increasing, failed cnt: 30
[info] position not increasing, failed cnt: 31
[info] position not increasing, failed cnt: 32
[info] position not increasing, failed cnt: 33
[info] position not increasing, failed cnt: 34
[info] position not increasing, failed cnt: 35
[info] position not increasing, failed cnt: 36
[info] position not increasing, failed cnt: 37
[info] position not increasing, failed cnt: 38
[info] position not increasing, failed cnt: 39
[info] position not increasing, failed cnt: 40
[info] position not increasing, failed cnt: 41
[info] position not increasing, failed cnt: 42
[info] position not increasing, failed cnt: 43
[info] position not increasing, failed cnt: 44
[info] position not increasing, failed cnt: 45
[info] reset context length: cur_len: 2048, accumulated_len: 3584, truncate_range: 1536 ~ 2047
[info] position not increasing, failed cnt: 46
[info] position not increasing, failed cnt: 47
[info] position not increasing, failed cnt: 48
[info] position not increasing, failed cnt: 49
[info] position not increasing, failed cnt: 50
[info] position not increasing, failed cnt: 51
[info] position not increasing, failed cnt: 52
[info] position not increasing, failed cnt: 53
[info] position not increasing, failed cnt: 54
[info] generated 22 bars, #events = 3799
[info] generated 23 bars, #events = 3883
[info] generated 24 bars, #events = 3913
[info] generated 25 bars, #events = 4040
[info] generated 26 bars, #events = 4097
[info] generated 27 bars, #events = 4131
[info] position not increasing, failed cnt: 1
[info] generated 28 bars, #events = 4261
[info] generated 29 bars, #events = 4360
[info] position not increasing, failed cnt: 1
[info] position not increasing, failed cnt: 2
[info] position not increasing, failed cnt: 3
[info] position not increasing, failed cnt: 4
[info] position not increasing, failed cnt: 5
[info] position not increasing, failed cnt: 6
[info] position not increasing, failed cnt: 7
[info] generated 30 bars, #events = 4479
[info] generated 31 bars, #events = 4494
[info] generated 32 bars, #events = 4552
-- generated events: 4553
-- time elapsed: 184.95 secs
[info] piece entropy: 3.0588 (+/- 0.8827)
[info] piece: 73, bar: 42
[info] writing to ... generations/123vqvae10/id668_bar42_sample04_poly+1_rhym-1
[info] rhythm cls: tensor([0, 6, 3, 1, 4, 2, 2, 6, 4, 0, 6, 5, 6, 5, 6, 5, 6, 6, 1, 6, 1, 6, 3, 1,
        4, 2, 1, 6, 4, 0, 0, 0], device='cuda:0') | polyph_cls: tensor([7, 7, 7, 5, 7, 7, 7, 7, 7, 6, 7, 7, 6, 6, 7, 7, 7, 7, 7, 7, 7, 7, 7, 5,
        7, 7, 7, 7, 7, 6, 5, 4], device='cuda:0')
[info] generated 1 bars, #events = 53
[info] position not increasing, failed cnt: 1
[info] position not increasing, failed cnt: 1
[info] position not increasing, failed cnt: 1
[info] generated 2 bars, #events = 294
[info] position not increasing, failed cnt: 1
[info] generated 3 bars, #events = 373
[info] generated 4 bars, #events = 409
[info] generated 5 bars, #events = 453
[info] generated 6 bars, #events = 529
[info] generated 7 bars, #events = 634
[info] generated 8 bars, #events = 725
[info] generated 9 bars, #events = 797
[info] generated 10 bars, #events = 864
[info] generated 11 bars, #events = 936
[info] generated 12 bars, #events = 1004
[info] generated 13 bars, #events = 1056
[info] generated 14 bars, #events = 1105
[info] position not increasing, failed cnt: 1
[info] position not increasing, failed cnt: 1
[info] generated 15 bars, #events = 1220
[info] position not increasing, failed cnt: 1
[info] position not increasing, failed cnt: 2
[info] position not increasing, failed cnt: 3
[info] position not increasing, failed cnt: 4
[info] position not increasing, failed cnt: 5
[info] position not increasing, failed cnt: 6
[info] position not increasing, failed cnt: 7
[info] position not increasing, failed cnt: 8
[info] position not increasing, failed cnt: 9
[info] position not increasing, failed cnt: 10
[info] position not increasing, failed cnt: 11
[info] position not increasing, failed cnt: 12
[info] position not increasing, failed cnt: 1
[info] position not increasing, failed cnt: 2
[info] position not increasing, failed cnt: 1
[info] position not increasing, failed cnt: 2
[info] position not increasing, failed cnt: 1
[info] position not increasing, failed cnt: 2
[info] position not increasing, failed cnt: 3
[info] position not increasing, failed cnt: 4
[info] position not increasing, failed cnt: 5
[info] position not increasing, failed cnt: 6
[info] position not increasing, failed cnt: 7
[info] position not increasing, failed cnt: 8
[info] position not increasing, failed cnt: 9
[info] position not increasing, failed cnt: 10
[info] position not increasing, failed cnt: 1
[info] position not increasing, failed cnt: 2
[info] position not increasing, failed cnt: 3
[info] position not increasing, failed cnt: 4
[info] position not increasing, failed cnt: 5
[info] position not increasing, failed cnt: 6
[info] position not increasing, failed cnt: 7
[info] position not increasing, failed cnt: 8
[info] position not increasing, failed cnt: 9
[info] position not increasing, failed cnt: 10
[info] generated 16 bars, #events = 1591
[info] generated 17 bars, #events = 1623
[info] position not increasing, failed cnt: 1
[info] position not increasing, failed cnt: 1
[info] position not increasing, failed cnt: 2
[info] position not increasing, failed cnt: 3
[info] position not increasing, failed cnt: 4
[info] position not increasing, failed cnt: 1
[info] position not increasing, failed cnt: 2
[info] position not increasing, failed cnt: 1
[info] position not increasing, failed cnt: 2
[info] position not increasing, failed cnt: 3
[info] position not increasing, failed cnt: 1
[info] position not increasing, failed cnt: 2
[info] position not increasing, failed cnt: 3
[info] position not increasing, failed cnt: 4
[info] position not increasing, failed cnt: 5
[info] position not increasing, failed cnt: 6
[info] position not increasing, failed cnt: 7
[info] position not increasing, failed cnt: 8
[info] position not increasing, failed cnt: 9
[info] position not increasing, failed cnt: 10
[info] position not increasing, failed cnt: 11
[info] position not increasing, failed cnt: 12
[info] position not increasing, failed cnt: 13
[info] position not increasing, failed cnt: 14
[info] position not increasing, failed cnt: 15
[info] generated 18 bars, #events = 1943
[info] generated 19 bars, #events = 1963
[info] position not increasing, failed cnt: 1
[info] position not increasing, failed cnt: 2
[info] reset context length: cur_len: 2048, accumulated_len: 2048, truncate_range: 1536 ~ 2047
[info] generated 20 bars, #events = 2143
[info] generated 21 bars, #events = 2262
[info] generated 22 bars, #events = 2432
[info] position not increasing, failed cnt: 1
[info] generated 23 bars, #events = 2500
[info] generated 24 bars, #events = 2566
[info] generated 25 bars, #events = 2714
[info] position not increasing, failed cnt: 1
[info] position not increasing, failed cnt: 1
[info] generated 26 bars, #events = 2833
[info] generated 27 bars, #events = 2861
[info] position not increasing, failed cnt: 1
[info] position not increasing, failed cnt: 2
[info] position not increasing, failed cnt: 3
[info] position not increasing, failed cnt: 4
[info] position not increasing, failed cnt: 5
[info] position not increasing, failed cnt: 6
[info] position not increasing, failed cnt: 7
[info] position not increasing, failed cnt: 1
[info] position not increasing, failed cnt: 2
[info] position not increasing, failed cnt: 3
[info] position not increasing, failed cnt: 4
[info] position not increasing, failed cnt: 5
[info] position not increasing, failed cnt: 6
[info] position not increasing, failed cnt: 7
[info] position not increasing, failed cnt: 8
[info] position not increasing, failed cnt: 9
[info] position not increasing, failed cnt: 10
[info] position not increasing, failed cnt: 11
[info] position not increasing, failed cnt: 12
[info] position not increasing, failed cnt: 13
[info] position not increasing, failed cnt: 14
[info] position not increasing, failed cnt: 15
[info] position not increasing, failed cnt: 16
[info] position not increasing, failed cnt: 17
[info] position not increasing, failed cnt: 18
[info] position not increasing, failed cnt: 19
[info] position not increasing, failed cnt: 20
[info] generated 28 bars, #events = 3574
[info] reset context length: cur_len: 2048, accumulated_len: 3584, truncate_range: 1536 ~ 2047
[info] generated 29 bars, #events = 3698
[info] generated 30 bars, #events = 3781
[info] generated 31 bars, #events = 3847
[info] generated 32 bars, #events = 3889
-- generated events: 3890
-- time elapsed: 150.88 secs
[info] piece entropy: 3.0851 (+/- 0.8260)
[info] piece: 73, bar: 42
[info] writing to ... generations/123vqvae10/id668_bar42_sample05_poly-2_rhym+3
[info] rhythm cls: tensor([4, 7, 7, 5, 7, 6, 6, 7, 7, 4, 7, 7, 7, 7, 7, 7, 7, 7, 5, 7, 5, 7, 7, 5,
        7, 6, 5, 7, 7, 4, 3, 3], device='cuda:0') | polyph_cls: tensor([5, 4, 5, 2, 4, 4, 5, 5, 5, 3, 4, 4, 3, 3, 5, 5, 5, 5, 5, 5, 5, 4, 5, 2,
        5, 4, 5, 5, 5, 3, 2, 1], device='cuda:0')
[info] generated 1 bars, #events = 33
[info] generated 2 bars, #events = 110
[info] position not increasing, failed cnt: 1
[info] generated 3 bars, #events = 177
[info] position not increasing, failed cnt: 1
[info] generated 4 bars, #events = 235
[info] generated 5 bars, #events = 318
[info] generated 6 bars, #events = 412
[info] generated 7 bars, #events = 477
[info] generated 8 bars, #events = 583
[info] generated 9 bars, #events = 675
[info] generated 10 bars, #events = 746
[info] generated 11 bars, #events = 815
[info] generated 12 bars, #events = 892
[info] generated 13 bars, #events = 938
[info] generated 14 bars, #events = 1034
[info] generated 15 bars, #events = 1114
[info] position not increasing, failed cnt: 1
[info] generated 16 bars, #events = 1219
[info] position not increasing, failed cnt: 1
[info] position not increasing, failed cnt: 1
[info] position not increasing, failed cnt: 2
[info] position not increasing, failed cnt: 1
[info] position not increasing, failed cnt: 1
[info] position not increasing, failed cnt: 2
[info] position not increasing, failed cnt: 1
[info] position not increasing, failed cnt: 1
[info] position not increasing, failed cnt: 2
[info] position not increasing, failed cnt: 3
[info] position not increasing, failed cnt: 1
[info] position not increasing, failed cnt: 2
[info] generated 17 bars, #events = 1533
[info] position not increasing, failed cnt: 1
[info] position not increasing, failed cnt: 1
[info] position not increasing, failed cnt: 2
[info] position not increasing, failed cnt: 3
[info] position not increasing, failed cnt: 4
[info] position not increasing, failed cnt: 5
[info] position not increasing, failed cnt: 6
[info] position not increasing, failed cnt: 7
[info] position not increasing, failed cnt: 8
[info] position not increasing, failed cnt: 9
[info] position not increasing, failed cnt: 10
[info] position not increasing, failed cnt: 11
[info] position not increasing, failed cnt: 12
[info] position not increasing, failed cnt: 13
[info] position not increasing, failed cnt: 1
[info] position not increasing, failed cnt: 2
[info] position not increasing, failed cnt: 3
[info] generated 18 bars, #events = 1696
[info] generated 19 bars, #events = 1712
[info] position not increasing, failed cnt: 1
[info] position not increasing, failed cnt: 2
[info] position not increasing, failed cnt: 3
[info] position not increasing, failed cnt: 4
[info] position not increasing, failed cnt: 5
[info] position not increasing, failed cnt: 6
[info] position not increasing, failed cnt: 7
[info] position not increasing, failed cnt: 8
[info] position not increasing, failed cnt: 9
[info] position not increasing, failed cnt: 10
[info] position not increasing, failed cnt: 11
[info] position not increasing, failed cnt: 12
[info] reset context length: cur_len: 2048, accumulated_len: 2048, truncate_range: 1536 ~ 2047
[info] position not increasing, failed cnt: 13
[info] position not increasing, failed cnt: 14
[info] position not increasing, failed cnt: 15
[info] position not increasing, failed cnt: 16
[info] position not increasing, failed cnt: 17
[info] position not increasing, failed cnt: 18
[info] position not increasing, failed cnt: 19
[info] position not increasing, failed cnt: 20
[info] position not increasing, failed cnt: 21
[info] position not increasing, failed cnt: 22
[info] position not increasing, failed cnt: 23
[info] position not increasing, failed cnt: 24
[info] position not increasing, failed cnt: 25
[info] position not increasing, failed cnt: 26
[info] position not increasing, failed cnt: 27
[info] position not increasing, failed cnt: 28
[info] position not increasing, failed cnt: 29
[info] position not increasing, failed cnt: 30
[info] position not increasing, failed cnt: 31
[info] position not increasing, failed cnt: 32
[info] position not increasing, failed cnt: 33
[info] position not increasing, failed cnt: 34
[info] generated 20 bars, #events = 2310
[info] generated 21 bars, #events = 2364
[info] position not increasing, failed cnt: 1
[info] position not increasing, failed cnt: 2
[info] position not increasing, failed cnt: 1
[info] position not increasing, failed cnt: 2
[info] position not increasing, failed cnt: 3
[info] position not increasing, failed cnt: 4
[info] position not increasing, failed cnt: 5
[info] generated 22 bars, #events = 2679
[info] position not increasing, failed cnt: 1
[info] position not increasing, failed cnt: 2
[info] generated 23 bars, #events = 2729
[info] position not increasing, failed cnt: 1
[info] generated 24 bars, #events = 2773
[info] position not increasing, failed cnt: 1
[info] position not increasing, failed cnt: 1
[info] position not increasing, failed cnt: 2
[info] position not increasing, failed cnt: 3
[info] position not increasing, failed cnt: 1
[info] position not increasing, failed cnt: 2
[info] position not increasing, failed cnt: 3
[info] position not increasing, failed cnt: 4
[info] position not increasing, failed cnt: 5
[info] position not increasing, failed cnt: 6
[info] position not increasing, failed cnt: 7
[info] position not increasing, failed cnt: 8
[info] position not increasing, failed cnt: 9
[info] position not increasing, failed cnt: 10
[info] position not increasing, failed cnt: 1
[info] position not increasing, failed cnt: 2
[info] position not increasing, failed cnt: 3
[info] position not increasing, failed cnt: 4
[info] position not increasing, failed cnt: 5
[info] position not increasing, failed cnt: 6
[info] position not increasing, failed cnt: 7
[info] position not increasing, failed cnt: 8
[info] position not increasing, failed cnt: 9
[info] position not increasing, failed cnt: 10
[info] position not increasing, failed cnt: 11
[info] position not increasing, failed cnt: 12
[info] position not increasing, failed cnt: 13
[info] generated 25 bars, #events = 3055
[info] position not increasing, failed cnt: 1
[info] position not increasing, failed cnt: 2
[info] position not increasing, failed cnt: 3
[info] position not increasing, failed cnt: 4
[info] position not increasing, failed cnt: 5
[info] position not increasing, failed cnt: 6
[info] generated 26 bars, #events = 3085
[info] position not increasing, failed cnt: 1
[info] position not increasing, failed cnt: 2
[info] generated 27 bars, #events = 3165
[info] position not increasing, failed cnt: 1
